{"meta": {"format": 3, "version": "7.13.5", "timestamp": "2026-05-04T18:36:33.063978", "branch_coverage": true, "show_contexts": false}, "files": {"ai/__init__.py": {"executed_lines": [], "summary": {"covered_lines": 0, "num_statements": 0, "percent_covered": 100.0, "percent_covered_display": "100.00", "missing_lines": 0, "excluded_lines": 0, "percent_statements_covered": 100.0, "percent_statements_covered_display": "100.00", "num_branches": 0, "num_partial_branches": 0, "covered_branches": 0, "missing_branches": 0, "percent_branches_covered": 100.0, "percent_branches_covered_display": "100.00"}, "missing_lines": [], "excluded_lines": [], "executed_branches": [], "missing_branches": [], "functions": {"": {"executed_lines": [], "summary": {"covered_lines": 0, "num_statements": 0, "percent_covered": 100.0, "percent_covered_display": "100.00", "missing_lines": 0, "excluded_lines": 0, "percent_statements_covered": 100.0, "percent_statements_covered_display": "100.00", "num_branches": 0, "num_partial_branches": 0, "covered_branches": 0, "missing_branches": 0, "percent_branches_covered": 100.0, "percent_branches_covered_display": "100.00"}, "missing_lines": [], "excluded_lines": [], "start_line": 1, "executed_branches": [], "missing_branches": []}}, "classes": {"": {"executed_lines": [], "summary": {"covered_lines": 0, "num_statements": 0, "percent_covered": 100.0, "percent_covered_display": "100.00", "missing_lines": 0, "excluded_lines": 0, "percent_statements_covered": 100.0, "percent_statements_covered_display": "100.00", "num_branches": 0, "num_partial_branches": 0, "covered_branches": 0, "missing_branches": 0, "percent_branches_covered": 100.0, "percent_branches_covered_display": "100.00"}, "missing_lines": [], "excluded_lines": [], "start_line": 1, "executed_branches": [], "missing_branches": []}}}, "ai/agents/__init__.py": {"executed_lines": [1, 2, 3, 4, 5, 6, 7, 8, 9, 10, 11, 12, 13, 14, 15, 16, 18], "summary": {"covered_lines": 17, "num_statements": 17, "percent_covered": 100.0, "percent_covered_display": "100.00", "missing_lines": 0, "excluded_lines": 0, "percent_statements_covered": 100.0, "percent_statements_covered_display": "100.00", "num_branches": 0, "num_partial_branches": 0, "covered_branches": 0, "missing_branches": 0, "percent_branches_covered": 100.0, "percent_branches_covered_display": "100.00"}, "missing_lines": [], "excluded_lines": [], "executed_branches": [], "missing_branches": [], "functions": {"": {"executed_lines": [1, 2, 3, 4, 5, 6, 7, 8, 9, 10, 11, 12, 13, 14, 15, 16, 18], "summary": {"covered_lines": 17, "num_statements": 17, "percent_covered": 100.0, "percent_covered_display": "100.00", "missing_lines": 0, "excluded_lines": 0, "percent_statements_covered": 100.0, "percent_statements_covered_display": "100.00", "num_branches": 0, "num_partial_branches": 0, "covered_branches": 0, "missing_branches": 0, "percent_branches_covered": 100.0, "percent_branches_covered_display": "100.00"}, "missing_lines": [], "excluded_lines": [], "start_line": 1, "executed_branches": [], "missing_branches": []}}, "classes": {"": {"executed_lines": [1, 2, 3, 4, 5, 6, 7, 8, 9, 10, 11, 12, 13, 14, 15, 16, 18], "summary": {"covered_lines": 17, "num_statements": 17, "percent_covered": 100.0, "percent_covered_display": "100.00", "missing_lines": 0, "excluded_lines": 0, "percent_statements_covered": 100.0, "percent_statements_covered_display": "100.00", "num_branches": 0, "num_partial_branches": 0, "covered_branches": 0, "missing_branches": 0, "percent_branches_covered": 100.0, "percent_branches_covered_display": "100.00"}, "missing_lines": [], "excluded_lines": [], "start_line": 1, "executed_branches": [], "missing_branches": []}}}, "ai/agents/action_executor.py": {"executed_lines": [1, 2, 3, 5, 7, 8, 9, 10, 11, 12, 13, 14, 15, 17, 19, 22, 30, 34, 50, 63, 76, 89, 102, 113, 117, 149, 161, 168, 177, 186], "summary": {"covered_lines": 30, "num_statements": 317, "percent_covered": 6.7114093959731544, "percent_covered_display": "6.71", "missing_lines": 287, "excluded_lines": 0, "percent_statements_covered": 9.46372239747634, "percent_statements_covered_display": "9.46", "num_branches": 130, "num_partial_branches": 0, "covered_branches": 0, "missing_branches": 130, "percent_branches_covered": 0.0, "percent_branches_covered_display": "0.00"}, "missing_lines": [23, 24, 25, 26, 27, 31, 35, 36, 37, 38, 39, 40, 41, 42, 43, 44, 45, 46, 47, 51, 52, 53, 54, 55, 56, 57, 58, 59, 60, 64, 65, 66, 67, 68, 69, 70, 71, 72, 73, 77, 78, 79, 80, 81, 82, 83, 84, 85, 86, 90, 91, 92, 93, 94, 95, 96, 97, 98, 99, 103, 104, 105, 106, 107, 108, 109, 110, 114, 118, 119, 121, 122, 123, 124, 126, 127, 128, 129, 131, 132, 133, 134, 136, 137, 138, 139, 140, 141, 142, 143, 145, 146, 150, 151, 152, 153, 154, 155, 157, 158, 162, 163, 164, 165, 170, 171, 172, 173, 174, 179, 187, 189, 190, 191, 193, 194, 198, 205, 207, 208, 210, 212, 213, 214, 215, 216, 225, 226, 227, 228, 229, 231, 232, 233, 234, 235, 236, 237, 238, 249, 250, 251, 252, 253, 255, 256, 257, 258, 259, 260, 261, 262, 263, 273, 274, 275, 276, 277, 279, 280, 281, 282, 283, 284, 285, 286, 294, 295, 296, 297, 298, 299, 300, 301, 302, 303, 306, 307, 308, 309, 310, 311, 312, 313, 314, 315, 316, 317, 318, 319, 321, 322, 323, 324, 325, 326, 327, 328, 329, 330, 331, 332, 333, 334, 335, 336, 338, 339, 340, 341, 342, 343, 344, 345, 346, 347, 348, 349, 350, 351, 353, 354, 355, 356, 357, 358, 359, 360, 361, 364, 365, 366, 367, 368, 369, 370, 371, 372, 373, 374, 375, 376, 378, 379, 380, 381, 382, 383, 384, 385, 386, 387, 388, 389, 390, 392, 393, 394, 395, 396, 397, 398, 399, 400, 401, 402, 403, 404, 405, 407, 408, 409, 410, 411, 412, 413, 414, 415, 416, 417, 418, 419, 420, 422, 424, 425, 426], "excluded_lines": [], "executed_branches": [], "missing_branches": [[35, 36], [35, 37], [39, 40], [39, 45], [41, 42], [41, 43], [43, 39], [43, 44], [45, 46], [45, 47], [52, 53], [52, 54], [56, 57], [56, 58], [58, 59], [58, 60], [65, 66], [65, 67], [69, 70], [69, 71], [71, 72], [71, 73], [78, 79], [78, 80], [82, 83], [82, 84], [84, 85], [84, 86], [91, 92], [91, 93], [95, 96], [95, 97], [97, 98], [97, 99], [103, 104], [103, 105], [106, 107], [106, 110], [122, 123], [122, 126], [126, 127], [126, 131], [128, 129], [128, 131], [131, 132], [131, 136], [133, 134], [133, 136], [137, 138], [137, 145], [142, 137], [142, 143], [152, 153], [152, 157], [154, 155], [154, 157], [171, 172], [171, 174], [172, 171], [172, 173], [193, 194], [193, 205], [207, 208], [207, 210], [212, 213], [212, 231], [214, 215], [214, 216], [231, 232], [231, 255], [233, 234], [233, 235], [236, 237], [236, 238], [255, 256], [255, 279], [257, 258], [257, 259], [260, 261], [260, 262], [279, 280], [279, 306], [281, 282], [281, 283], [284, 285], [284, 286], [295, 296], [295, 297], [298, 299], [298, 300], [306, 307], [306, 321], [308, 309], [308, 310], [312, 313], [312, 314], [321, 322], [321, 338], [323, 324], [323, 325], [327, 328], [327, 329], [329, 330], [329, 331], [338, 339], [338, 353], [340, 341], [340, 342], [344, 345], [344, 346], [353, 354], [353, 364], [355, 356], [355, 357], [364, 365], [364, 378], [366, 367], [366, 368], [378, 379], [378, 392], [380, 381], [380, 382], [392, 393], [392, 407], [394, 395], [394, 396], [407, 408], [407, 422], [409, 410], [409, 411]], "functions": {"_load_context": {"executed_lines": [], "summary": {"covered_lines": 0, "num_statements": 5, "percent_covered": 0.0, "percent_covered_display": "0.00", "missing_lines": 5, "excluded_lines": 0, "percent_statements_covered": 0.0, "percent_statements_covered_display": "0.00", "num_branches": 0, "num_partial_branches": 0, "covered_branches": 0, "missing_branches": 0, "percent_branches_covered": 100.0, "percent_branches_covered_display": "100.00"}, "missing_lines": [23, 24, 25, 26, 27], "excluded_lines": [], "start_line": 22, "executed_branches": [], "missing_branches": []}, "_normalize_text": {"executed_lines": [], "summary": {"covered_lines": 0, "num_statements": 1, "percent_covered": 0.0, "percent_covered_display": "0.00", "missing_lines": 1, "excluded_lines": 0, "percent_statements_covered": 0.0, "percent_statements_covered_display": "0.00", "num_branches": 0, "num_partial_branches": 0, "covered_branches": 0, "missing_branches": 0, "percent_branches_covered": 100.0, "percent_branches_covered_display": "100.00"}, "missing_lines": [31], "excluded_lines": [], "start_line": 30, "executed_branches": [], "missing_branches": []}, "_match_by_title": {"executed_lines": [], "summary": {"covered_lines": 0, "num_statements": 13, "percent_covered": 0.0, "percent_covered_display": "0.00", "missing_lines": 13, "excluded_lines": 0, "percent_statements_covered": 0.0, "percent_statements_covered_display": "0.00", "num_branches": 10, "num_partial_branches": 0, "covered_branches": 0, "missing_branches": 10, "percent_branches_covered": 0.0, "percent_branches_covered_display": "0.00"}, "missing_lines": [35, 36, 37, 38, 39, 40, 41, 42, 43, 44, 45, 46, 47], "excluded_lines": [], "start_line": 34, "executed_branches": [], "missing_branches": [[35, 36], [35, 37], [39, 40], [39, 45], [41, 42], [41, 43], [43, 39], [43, 44], [45, 46], [45, 47]]}, "_resolve_project_id": {"executed_lines": [], "summary": {"covered_lines": 0, "num_statements": 10, "percent_covered": 0.0, "percent_covered_display": "0.00", "missing_lines": 10, "excluded_lines": 0, "percent_statements_covered": 0.0, "percent_statements_covered_display": "0.00", "num_branches": 6, "num_partial_branches": 0, "covered_branches": 0, "missing_branches": 6, "percent_branches_covered": 0.0, "percent_branches_covered_display": "0.00"}, "missing_lines": [51, 52, 53, 54, 55, 56, 57, 58, 59, 60], "excluded_lines": [], "start_line": 50, "executed_branches": [], "missing_branches": [[52, 53], [52, 54], [56, 57], [56, 58], [58, 59], [58, 60]]}, "_resolve_goal_id": {"executed_lines": [], "summary": {"covered_lines": 0, "num_statements": 10, "percent_covered": 0.0, "percent_covered_display": "0.00", "missing_lines": 10, "excluded_lines": 0, "percent_statements_covered": 0.0, "percent_statements_covered_display": "0.00", "num_branches": 6, "num_partial_branches": 0, "covered_branches": 0, "missing_branches": 6, "percent_branches_covered": 0.0, "percent_branches_covered_display": "0.00"}, "missing_lines": [64, 65, 66, 67, 68, 69, 70, 71, 72, 73], "excluded_lines": [], "start_line": 63, "executed_branches": [], "missing_branches": [[65, 66], [65, 67], [69, 70], [69, 71], [71, 72], [71, 73]]}, "_resolve_task_id": {"executed_lines": [], "summary": {"covered_lines": 0, "num_statements": 10, "percent_covered": 0.0, "percent_covered_display": "0.00", "missing_lines": 10, "excluded_lines": 0, "percent_statements_covered": 0.0, "percent_statements_covered_display": "0.00", "num_branches": 6, "num_partial_branches": 0, "covered_branches": 0, "missing_branches": 6, "percent_branches_covered": 0.0, "percent_branches_covered_display": "0.00"}, "missing_lines": [77, 78, 79, 80, 81, 82, 83, 84, 85, 86], "excluded_lines": [], "start_line": 76, "executed_branches": [], "missing_branches": [[78, 79], [78, 80], [82, 83], [82, 84], [84, 85], [84, 86]]}, "_resolve_event_id": {"executed_lines": [], "summary": {"covered_lines": 0, "num_statements": 10, "percent_covered": 0.0, "percent_covered_display": "0.00", "missing_lines": 10, "excluded_lines": 0, "percent_statements_covered": 0.0, "percent_statements_covered_display": "0.00", "num_branches": 6, "num_partial_branches": 0, "covered_branches": 0, "missing_branches": 6, "percent_branches_covered": 0.0, "percent_branches_covered_display": "0.00"}, "missing_lines": [90, 91, 92, 93, 94, 95, 96, 97, 98, 99], "excluded_lines": [], "start_line": 89, "executed_branches": [], "missing_branches": [[91, 92], [91, 93], [95, 96], [95, 97], [97, 98], [97, 99]]}, "_parse_object_id": {"executed_lines": [], "summary": {"covered_lines": 0, "num_statements": 8, "percent_covered": 0.0, "percent_covered_display": "0.00", "missing_lines": 8, "excluded_lines": 0, "percent_statements_covered": 0.0, "percent_statements_covered_display": "0.00", "num_branches": 4, "num_partial_branches": 0, "covered_branches": 0, "missing_branches": 4, "percent_branches_covered": 0.0, "percent_branches_covered_display": "0.00"}, "missing_lines": [103, 104, 105, 106, 107, 108, 109, 110], "excluded_lines": [], "start_line": 102, "executed_branches": [], "missing_branches": [[103, 104], [103, 105], [106, 107], [106, 110]]}, "_ensure_user_id": {"executed_lines": [], "summary": {"covered_lines": 0, "num_statements": 1, "percent_covered": 0.0, "percent_covered_display": "0.00", "missing_lines": 1, "excluded_lines": 0, "percent_statements_covered": 0.0, "percent_statements_covered_display": "0.00", "num_branches": 0, "num_partial_branches": 0, "covered_branches": 0, "missing_branches": 0, "percent_branches_covered": 100.0, "percent_branches_covered_display": "100.00"}, "missing_lines": [114], "excluded_lines": [], "start_line": 113, "executed_branches": [], "missing_branches": []}, "_delete_project_cascade": {"executed_lines": [], "summary": {"covered_lines": 0, "num_statements": 24, "percent_covered": 0.0, "percent_covered_display": "0.00", "missing_lines": 24, "excluded_lines": 0, "percent_statements_covered": 0.0, "percent_statements_covered_display": "0.00", "num_branches": 14, "num_partial_branches": 0, "covered_branches": 0, "missing_branches": 14, "percent_branches_covered": 0.0, "percent_branches_covered_display": "0.00"}, "missing_lines": [118, 119, 121, 122, 123, 124, 126, 127, 128, 129, 131, 132, 133, 134, 136, 137, 138, 139, 140, 141, 142, 143, 145, 146], "excluded_lines": [], "start_line": 117, "executed_branches": [], "missing_branches": [[122, 123], [122, 126], [126, 127], [126, 131], [128, 129], [128, 131], [131, 132], [131, 136], [133, 134], [133, 136], [137, 138], [137, 145], [142, 137], [142, 143]]}, "_delete_goal_cascade": {"executed_lines": [], "summary": {"covered_lines": 0, "num_statements": 8, "percent_covered": 0.0, "percent_covered_display": "0.00", "missing_lines": 8, "excluded_lines": 0, "percent_statements_covered": 0.0, "percent_statements_covered_display": "0.00", "num_branches": 4, "num_partial_branches": 0, "covered_branches": 0, "missing_branches": 4, "percent_branches_covered": 0.0, "percent_branches_covered_display": "0.00"}, "missing_lines": [150, 151, 152, 153, 154, 155, 157, 158], "excluded_lines": [], "start_line": 149, "executed_branches": [], "missing_branches": [[152, 153], [152, 157], [154, 155], [154, 157]]}, "_safe_int": {"executed_lines": [], "summary": {"covered_lines": 0, "num_statements": 4, "percent_covered": 0.0, "percent_covered_display": "0.00", "missing_lines": 4, "excluded_lines": 0, "percent_statements_covered": 0.0, "percent_statements_covered_display": "0.00", "num_branches": 0, "num_partial_branches": 0, "covered_branches": 0, "missing_branches": 0, "percent_branches_covered": 100.0, "percent_branches_covered_display": "100.00"}, "missing_lines": [162, 163, 164, 165], "excluded_lines": [], "start_line": 161, "executed_branches": [], "missing_branches": []}, "_build_update_fields": {"executed_lines": [], "summary": {"covered_lines": 0, "num_statements": 5, "percent_covered": 0.0, "percent_covered_display": "0.00", "missing_lines": 5, "excluded_lines": 0, "percent_statements_covered": 0.0, "percent_statements_covered_display": "0.00", "num_branches": 4, "num_partial_branches": 0, "covered_branches": 0, "missing_branches": 4, "percent_branches_covered": 0.0, "percent_branches_covered_display": "0.00"}, "missing_lines": [170, 171, 172, 173, 174], "excluded_lines": [], "start_line": 168, "executed_branches": [], "missing_branches": [[171, 172], [171, 174], [172, 171], [172, 173]]}, "_result": {"executed_lines": [], "summary": {"covered_lines": 0, "num_statements": 1, "percent_covered": 0.0, "percent_covered_display": "0.00", "missing_lines": 1, "excluded_lines": 0, "percent_statements_covered": 0.0, "percent_statements_covered_display": "0.00", "num_branches": 0, "num_partial_branches": 0, "covered_branches": 0, "missing_branches": 0, "percent_branches_covered": 100.0, "percent_branches_covered_display": "100.00"}, "missing_lines": [179], "excluded_lines": [], "start_line": 177, "executed_branches": [], "missing_branches": []}, "action_executor_node": {"executed_lines": [], "summary": {"covered_lines": 0, "num_statements": 177, "percent_covered": 0.0, "percent_covered_display": "0.00", "missing_lines": 177, "excluded_lines": 0, "percent_statements_covered": 0.0, "percent_statements_covered_display": "0.00", "num_branches": 70, "num_partial_branches": 0, "covered_branches": 0, "missing_branches": 70, "percent_branches_covered": 0.0, "percent_branches_covered_display": "0.00"}, "missing_lines": [187, 189, 190, 191, 193, 194, 198, 205, 207, 208, 210, 212, 213, 214, 215, 216, 225, 226, 227, 228, 229, 231, 232, 233, 234, 235, 236, 237, 238, 249, 250, 251, 252, 253, 255, 256, 257, 258, 259, 260, 261, 262, 263, 273, 274, 275, 276, 277, 279, 280, 281, 282, 283, 284, 285, 286, 294, 295, 296, 297, 298, 299, 300, 301, 302, 303, 306, 307, 308, 309, 310, 311, 312, 313, 314, 315, 316, 317, 318, 319, 321, 322, 323, 324, 325, 326, 327, 328, 329, 330, 331, 332, 333, 334, 335, 336, 338, 339, 340, 341, 342, 343, 344, 345, 346, 347, 348, 349, 350, 351, 353, 354, 355, 356, 357, 358, 359, 360, 361, 364, 365, 366, 367, 368, 369, 370, 371, 372, 373, 374, 375, 376, 378, 379, 380, 381, 382, 383, 384, 385, 386, 387, 388, 389, 390, 392, 393, 394, 395, 396, 397, 398, 399, 400, 401, 402, 403, 404, 405, 407, 408, 409, 410, 411, 412, 413, 414, 415, 416, 417, 418, 419, 420, 422, 424, 425, 426], "excluded_lines": [], "start_line": 186, "executed_branches": [], "missing_branches": [[193, 194], [193, 205], [207, 208], [207, 210], [212, 213], [212, 231], [214, 215], [214, 216], [231, 232], [231, 255], [233, 234], [233, 235], [236, 237], [236, 238], [255, 256], [255, 279], [257, 258], [257, 259], [260, 261], [260, 262], [279, 280], [279, 306], [281, 282], [281, 283], [284, 285], [284, 286], [295, 296], [295, 297], [298, 299], [298, 300], [306, 307], [306, 321], [308, 309], [308, 310], [312, 313], [312, 314], [321, 322], [321, 338], [323, 324], [323, 325], [327, 328], [327, 329], [329, 330], [329, 331], [338, 339], [338, 353], [340, 341], [340, 342], [344, 345], [344, 346], [353, 354], [353, 364], [355, 356], [355, 357], [364, 365], [364, 378], [366, 367], [366, 368], [378, 379], [378, 392], [380, 381], [380, 382], [392, 393], [392, 407], [394, 395], [394, 396], [407, 408], [407, 422], [409, 410], [409, 411]]}, "": {"executed_lines": [1, 2, 3, 5, 7, 8, 9, 10, 11, 12, 13, 14, 15, 17, 19, 22, 30, 34, 50, 63, 76, 89, 102, 113, 117, 149, 161, 168, 177, 186], "summary": {"covered_lines": 30, "num_statements": 30, "percent_covered": 100.0, "percent_covered_display": "100.00", "missing_lines": 0, "excluded_lines": 0, "percent_statements_covered": 100.0, "percent_statements_covered_display": "100.00", "num_branches": 0, "num_partial_branches": 0, "covered_branches": 0, "missing_branches": 0, "percent_branches_covered": 100.0, "percent_branches_covered_display": "100.00"}, "missing_lines": [], "excluded_lines": [], "start_line": 1, "executed_branches": [], "missing_branches": []}}, "classes": {"": {"executed_lines": [1, 2, 3, 5, 7, 8, 9, 10, 11, 12, 13, 14, 15, 17, 19, 22, 30, 34, 50, 63, 76, 89, 102, 113, 117, 149, 161, 168, 177, 186], "summary": {"covered_lines": 30, "num_statements": 317, "percent_covered": 6.7114093959731544, "percent_covered_display": "6.71", "missing_lines": 287, "excluded_lines": 0, "percent_statements_covered": 9.46372239747634, "percent_statements_covered_display": "9.46", "num_branches": 130, "num_partial_branches": 0, "covered_branches": 0, "missing_branches": 130, "percent_branches_covered": 0.0, "percent_branches_covered_display": "0.00"}, "missing_lines": [23, 24, 25, 26, 27, 31, 35, 36, 37, 38, 39, 40, 41, 42, 43, 44, 45, 46, 47, 51, 52, 53, 54, 55, 56, 57, 58, 59, 60, 64, 65, 66, 67, 68, 69, 70, 71, 72, 73, 77, 78, 79, 80, 81, 82, 83, 84, 85, 86, 90, 91, 92, 93, 94, 95, 96, 97, 98, 99, 103, 104, 105, 106, 107, 108, 109, 110, 114, 118, 119, 121, 122, 123, 124, 126, 127, 128, 129, 131, 132, 133, 134, 136, 137, 138, 139, 140, 141, 142, 143, 145, 146, 150, 151, 152, 153, 154, 155, 157, 158, 162, 163, 164, 165, 170, 171, 172, 173, 174, 179, 187, 189, 190, 191, 193, 194, 198, 205, 207, 208, 210, 212, 213, 214, 215, 216, 225, 226, 227, 228, 229, 231, 232, 233, 234, 235, 236, 237, 238, 249, 250, 251, 252, 253, 255, 256, 257, 258, 259, 260, 261, 262, 263, 273, 274, 275, 276, 277, 279, 280, 281, 282, 283, 284, 285, 286, 294, 295, 296, 297, 298, 299, 300, 301, 302, 303, 306, 307, 308, 309, 310, 311, 312, 313, 314, 315, 316, 317, 318, 319, 321, 322, 323, 324, 325, 326, 327, 328, 329, 330, 331, 332, 333, 334, 335, 336, 338, 339, 340, 341, 342, 343, 344, 345, 346, 347, 348, 349, 350, 351, 353, 354, 355, 356, 357, 358, 359, 360, 361, 364, 365, 366, 367, 368, 369, 370, 371, 372, 373, 374, 375, 376, 378, 379, 380, 381, 382, 383, 384, 385, 386, 387, 388, 389, 390, 392, 393, 394, 395, 396, 397, 398, 399, 400, 401, 402, 403, 404, 405, 407, 408, 409, 410, 411, 412, 413, 414, 415, 416, 417, 418, 419, 420, 422, 424, 425, 426], "excluded_lines": [], "start_line": 1, "executed_branches": [], "missing_branches": [[35, 36], [35, 37], [39, 40], [39, 45], [41, 42], [41, 43], [43, 39], [43, 44], [45, 46], [45, 47], [52, 53], [52, 54], [56, 57], [56, 58], [58, 59], [58, 60], [65, 66], [65, 67], [69, 70], [69, 71], [71, 72], [71, 73], [78, 79], [78, 80], [82, 83], [82, 84], [84, 85], [84, 86], [91, 92], [91, 93], [95, 96], [95, 97], [97, 98], [97, 99], [103, 104], [103, 105], [106, 107], [106, 110], [122, 123], [122, 126], [126, 127], [126, 131], [128, 129], [128, 131], [131, 132], [131, 136], [133, 134], [133, 136], [137, 138], [137, 145], [142, 137], [142, 143], [152, 153], [152, 157], [154, 155], [154, 157], [171, 172], [171, 174], [172, 171], [172, 173], [193, 194], [193, 205], [207, 208], [207, 210], [212, 213], [212, 231], [214, 215], [214, 216], [231, 232], [231, 255], [233, 234], [233, 235], [236, 237], [236, 238], [255, 256], [255, 279], [257, 258], [257, 259], [260, 261], [260, 262], [279, 280], [279, 306], [281, 282], [281, 283], [284, 285], [284, 286], [295, 296], [295, 297], [298, 299], [298, 300], [306, 307], [306, 321], [308, 309], [308, 310], [312, 313], [312, 314], [321, 322], [321, 338], [323, 324], [323, 325], [327, 328], [327, 329], [329, 330], [329, 331], [338, 339], [338, 353], [340, 341], [340, 342], [344, 345], [344, 346], [353, 354], [353, 364], [355, 356], [355, 357], [364, 365], [364, 378], [366, 367], [366, 368], [378, 379], [378, 392], [380, 381], [380, 382], [392, 393], [392, 407], [394, 395], [394, 396], [407, 408], [407, 422], [409, 410], [409, 411]]}}}, "ai/agents/action_planner.py": {"executed_lines": [1, 2, 3, 5, 7, 8, 9, 10, 12, 14, 21, 24, 25, 26, 27, 28, 29, 30, 31, 32, 33, 34, 35, 36, 37, 38, 41, 43, 44, 45, 46, 47, 48, 49, 50, 51, 52, 53, 54, 61, 62, 65], "summary": {"covered_lines": 42, "num_statements": 73, "percent_covered": 56.8421052631579, "percent_covered_display": "56.84", "missing_lines": 31, "excluded_lines": 0, "percent_statements_covered": 57.534246575342465, "percent_statements_covered_display": "57.53", "num_branches": 22, "num_partial_branches": 0, "covered_branches": 12, "missing_branches": 10, "percent_branches_covered": 54.54545454545455, "percent_branches_covered_display": "54.55"}, "missing_lines": [66, 67, 69, 70, 71, 72, 77, 78, 80, 81, 82, 83, 84, 86, 88, 89, 90, 92, 93, 94, 98, 99, 100, 101, 105, 106, 107, 111, 112, 113, 122], "excluded_lines": [], "executed_branches": [[25, 26], [25, 27], [33, 34], [33, 38], [43, 44], [43, 45], [46, 47], [46, 48], [49, 50], [49, 51], [52, 53], [52, 54]], "missing_branches": [[71, 72], [71, 77], [89, 90], [89, 92], [93, 94], [93, 98], [100, 101], [100, 105], [105, 106], [105, 122]], "functions": {"_safe_parse_json": {"executed_lines": [25, 26, 27, 28, 29, 30, 31, 32, 33, 34, 35, 36, 37, 38], "summary": {"covered_lines": 14, "num_statements": 14, "percent_covered": 100.0, "percent_covered_display": "100.00", "missing_lines": 0, "excluded_lines": 0, "percent_statements_covered": 100.0, "percent_statements_covered_display": "100.00", "num_branches": 4, "num_partial_branches": 0, "covered_branches": 4, "missing_branches": 0, "percent_branches_covered": 100.0, "percent_branches_covered_display": "100.00"}, "missing_lines": [], "excluded_lines": [], "start_line": 24, "executed_branches": [[25, 26], [25, 27], [33, 34], [33, 38]], "missing_branches": []}, "_validate_action": {"executed_lines": [43, 44, 45, 46, 47, 48, 49, 50, 51, 52, 53, 54], "summary": {"covered_lines": 12, "num_statements": 12, "percent_covered": 100.0, "percent_covered_display": "100.00", "missing_lines": 0, "excluded_lines": 0, "percent_statements_covered": 100.0, "percent_statements_covered_display": "100.00", "num_branches": 8, "num_partial_branches": 0, "covered_branches": 8, "missing_branches": 0, "percent_branches_covered": 100.0, "percent_branches_covered_display": "100.00"}, "missing_lines": [], "excluded_lines": [], "start_line": 41, "executed_branches": [[43, 44], [43, 45], [46, 47], [46, 48], [49, 50], [49, 51], [52, 53], [52, 54]], "missing_branches": []}, "_needs_confirmation": {"executed_lines": [62], "summary": {"covered_lines": 1, "num_statements": 1, "percent_covered": 100.0, "percent_covered_display": "100.00", "missing_lines": 0, "excluded_lines": 0, "percent_statements_covered": 100.0, "percent_statements_covered_display": "100.00", "num_branches": 0, "num_partial_branches": 0, "covered_branches": 0, "missing_branches": 0, "percent_branches_covered": 100.0, "percent_branches_covered_display": "100.00"}, "missing_lines": [], "excluded_lines": [], "start_line": 61, "executed_branches": [], "missing_branches": []}, "action_planner_node": {"executed_lines": [], "summary": {"covered_lines": 0, "num_statements": 31, "percent_covered": 0.0, "percent_covered_display": "0.00", "missing_lines": 31, "excluded_lines": 0, "percent_statements_covered": 0.0, "percent_statements_covered_display": "0.00", "num_branches": 10, "num_partial_branches": 0, "covered_branches": 0, "missing_branches": 10, "percent_branches_covered": 0.0, "percent_branches_covered_display": "0.00"}, "missing_lines": [66, 67, 69, 70, 71, 72, 77, 78, 80, 81, 82, 83, 84, 86, 88, 89, 90, 92, 93, 94, 98, 99, 100, 101, 105, 106, 107, 111, 112, 113, 122], "excluded_lines": [], "start_line": 65, "executed_branches": [], "missing_branches": [[71, 72], [71, 77], [89, 90], [89, 92], [93, 94], [93, 98], [100, 101], [100, 105], [105, 106], [105, 122]]}, "": {"executed_lines": [1, 2, 3, 5, 7, 8, 9, 10, 12, 14, 21, 24, 41, 61, 65], "summary": {"covered_lines": 15, "num_statements": 15, "percent_covered": 100.0, "percent_covered_display": "100.00", "missing_lines": 0, "excluded_lines": 0, "percent_statements_covered": 100.0, "percent_statements_covered_display": "100.00", "num_branches": 0, "num_partial_branches": 0, "covered_branches": 0, "missing_branches": 0, "percent_branches_covered": 100.0, "percent_branches_covered_display": "100.00"}, "missing_lines": [], "excluded_lines": [], "start_line": 1, "executed_branches": [], "missing_branches": []}}, "classes": {"": {"executed_lines": [1, 2, 3, 5, 7, 8, 9, 10, 12, 14, 21, 24, 25, 26, 27, 28, 29, 30, 31, 32, 33, 34, 35, 36, 37, 38, 41, 43, 44, 45, 46, 47, 48, 49, 50, 51, 52, 53, 54, 61, 62, 65], "summary": {"covered_lines": 42, "num_statements": 73, "percent_covered": 56.8421052631579, "percent_covered_display": "56.84", "missing_lines": 31, "excluded_lines": 0, "percent_statements_covered": 57.534246575342465, "percent_statements_covered_display": "57.53", "num_branches": 22, "num_partial_branches": 0, "covered_branches": 12, "missing_branches": 10, "percent_branches_covered": 54.54545454545455, "percent_branches_covered_display": "54.55"}, "missing_lines": [66, 67, 69, 70, 71, 72, 77, 78, 80, 81, 82, 83, 84, 86, 88, 89, 90, 92, 93, 94, 98, 99, 100, 101, 105, 106, 107, 111, 112, 113, 122], "excluded_lines": [], "start_line": 1, "executed_branches": [[25, 26], [25, 27], [33, 34], [33, 38], [43, 44], [43, 45], [46, 47], [46, 48], [49, 50], [49, 51], [52, 53], [52, 54]], "missing_branches": [[71, 72], [71, 77], [89, 90], [89, 92], [93, 94], [93, 98], [100, 101], [100, 105], [105, 106], [105, 122]]}}}, "ai/agents/critic.py": {"executed_lines": [1, 3, 5, 6, 7, 9, 12], "summary": {"covered_lines": 7, "num_statements": 15, "percent_covered": 46.666666666666664, "percent_covered_display": "46.67", "missing_lines": 8, "excluded_lines": 0, "percent_statements_covered": 46.666666666666664, "percent_statements_covered_display": "46.67", "num_branches": 0, "num_partial_branches": 0, "covered_branches": 0, "missing_branches": 0, "percent_branches_covered": 100.0, "percent_branches_covered_display": "100.00"}, "missing_lines": [13, 14, 18, 19, 20, 21, 22, 23], "excluded_lines": [], "executed_branches": [], "missing_branches": [], "functions": {"critic_node": {"executed_lines": [], "summary": {"covered_lines": 0, "num_statements": 8, "percent_covered": 0.0, "percent_covered_display": "0.00", "missing_lines": 8, "excluded_lines": 0, "percent_statements_covered": 0.0, "percent_statements_covered_display": "0.00", "num_branches": 0, "num_partial_branches": 0, "covered_branches": 0, "missing_branches": 0, "percent_branches_covered": 100.0, "percent_branches_covered_display": "100.00"}, "missing_lines": [13, 14, 18, 19, 20, 21, 22, 23], "excluded_lines": [], "start_line": 12, "executed_branches": [], "missing_branches": []}, "": {"executed_lines": [1, 3, 5, 6, 7, 9, 12], "summary": {"covered_lines": 7, "num_statements": 7, "percent_covered": 100.0, "percent_covered_display": "100.00", "missing_lines": 0, "excluded_lines": 0, "percent_statements_covered": 100.0, "percent_statements_covered_display": "100.00", "num_branches": 0, "num_partial_branches": 0, "covered_branches": 0, "missing_branches": 0, "percent_branches_covered": 100.0, "percent_branches_covered_display": "100.00"}, "missing_lines": [], "excluded_lines": [], "start_line": 1, "executed_branches": [], "missing_branches": []}}, "classes": {"": {"executed_lines": [1, 3, 5, 6, 7, 9, 12], "summary": {"covered_lines": 7, "num_statements": 15, "percent_covered": 46.666666666666664, "percent_covered_display": "46.67", "missing_lines": 8, "excluded_lines": 0, "percent_statements_covered": 46.666666666666664, "percent_statements_covered_display": "46.67", "num_branches": 0, "num_partial_branches": 0, "covered_branches": 0, "missing_branches": 0, "percent_branches_covered": 100.0, "percent_branches_covered_display": "100.00"}, "missing_lines": [13, 14, 18, 19, 20, 21, 22, 23], "excluded_lines": [], "start_line": 1, "executed_branches": [], "missing_branches": []}}}, "ai/agents/deep_research.py": {"executed_lines": [1, 3, 5, 6, 7, 8, 11, 14, 21], "summary": {"covered_lines": 9, "num_statements": 34, "percent_covered": 19.565217391304348, "percent_covered_display": "19.57", "missing_lines": 25, "excluded_lines": 0, "percent_statements_covered": 26.470588235294116, "percent_statements_covered_display": "26.47", "num_branches": 12, "num_partial_branches": 0, "covered_branches": 0, "missing_branches": 12, "percent_branches_covered": 0.0, "percent_branches_covered_display": "0.00"}, "missing_lines": [15, 16, 17, 18, 22, 23, 25, 26, 27, 29, 30, 31, 32, 40, 41, 42, 43, 44, 45, 51, 52, 61, 62, 63, 69], "excluded_lines": [], "executed_branches": [], "missing_branches": [[15, 16], [15, 18], [16, 15], [16, 17], [22, 23], [22, 25], [26, 27], [26, 29], [51, 52], [51, 61], [62, 63], [62, 69]], "functions": {"_last_user_message_text": {"executed_lines": [], "summary": {"covered_lines": 0, "num_statements": 4, "percent_covered": 0.0, "percent_covered_display": "0.00", "missing_lines": 4, "excluded_lines": 0, "percent_statements_covered": 0.0, "percent_statements_covered_display": "0.00", "num_branches": 4, "num_partial_branches": 0, "covered_branches": 0, "missing_branches": 4, "percent_branches_covered": 0.0, "percent_branches_covered_display": "0.00"}, "missing_lines": [15, 16, 17, 18], "excluded_lines": [], "start_line": 14, "executed_branches": [], "missing_branches": [[15, 16], [15, 18], [16, 15], [16, 17]]}, "deep_research_node": {"executed_lines": [], "summary": {"covered_lines": 0, "num_statements": 21, "percent_covered": 0.0, "percent_covered_display": "0.00", "missing_lines": 21, "excluded_lines": 0, "percent_statements_covered": 0.0, "percent_statements_covered_display": "0.00", "num_branches": 8, "num_partial_branches": 0, "covered_branches": 0, "missing_branches": 8, "percent_branches_covered": 0.0, "percent_branches_covered_display": "0.00"}, "missing_lines": [22, 23, 25, 26, 27, 29, 30, 31, 32, 40, 41, 42, 43, 44, 45, 51, 52, 61, 62, 63, 69], "excluded_lines": [], "start_line": 21, "executed_branches": [], "missing_branches": [[22, 23], [22, 25], [26, 27], [26, 29], [51, 52], [51, 61], [62, 63], [62, 69]]}, "": {"executed_lines": [1, 3, 5, 6, 7, 8, 11, 14, 21], "summary": {"covered_lines": 9, "num_statements": 9, "percent_covered": 100.0, "percent_covered_display": "100.00", "missing_lines": 0, "excluded_lines": 0, "percent_statements_covered": 100.0, "percent_statements_covered_display": "100.00", "num_branches": 0, "num_partial_branches": 0, "covered_branches": 0, "missing_branches": 0, "percent_branches_covered": 100.0, "percent_branches_covered_display": "100.00"}, "missing_lines": [], "excluded_lines": [], "start_line": 1, "executed_branches": [], "missing_branches": []}}, "classes": {"": {"executed_lines": [1, 3, 5, 6, 7, 8, 11, 14, 21], "summary": {"covered_lines": 9, "num_statements": 34, "percent_covered": 19.565217391304348, "percent_covered_display": "19.57", "missing_lines": 25, "excluded_lines": 0, "percent_statements_covered": 26.470588235294116, "percent_statements_covered_display": "26.47", "num_branches": 12, "num_partial_branches": 0, "covered_branches": 0, "missing_branches": 12, "percent_branches_covered": 0.0, "percent_branches_covered_display": "0.00"}, "missing_lines": [15, 16, 17, 18, 22, 23, 25, 26, 27, 29, 30, 31, 32, 40, 41, 42, 43, 44, 45, 51, 52, 61, 62, 63, 69], "excluded_lines": [], "start_line": 1, "executed_branches": [], "missing_branches": [[15, 16], [15, 18], [16, 15], [16, 17], [22, 23], [22, 25], [26, 27], [26, 29], [51, 52], [51, 61], [62, 63], [62, 69]]}}}, "ai/agents/doc_organizer.py": {"executed_lines": [8, 9, 10, 12, 16, 17, 18, 20, 22, 25, 32, 66, 83], "summary": {"covered_lines": 13, "num_statements": 131, "percent_covered": 6.806282722513089, "percent_covered_display": "6.81", "missing_lines": 118, "excluded_lines": 2, "percent_statements_covered": 9.923664122137405, "percent_statements_covered_display": "9.92", "num_branches": 60, "num_partial_branches": 0, "covered_branches": 0, "missing_branches": 60, "percent_branches_covered": 0.0, "percent_branches_covered_display": "0.00"}, "missing_lines": [27, 28, 29, 34, 35, 37, 39, 40, 42, 43, 44, 45, 46, 47, 48, 49, 50, 52, 53, 54, 55, 56, 58, 59, 61, 62, 63, 68, 69, 70, 71, 72, 74, 75, 76, 77, 78, 80, 85, 86, 89, 90, 91, 92, 93, 94, 95, 96, 97, 98, 99, 100, 101, 102, 103, 110, 111, 112, 113, 114, 115, 118, 119, 126, 127, 130, 131, 132, 133, 134, 135, 136, 137, 138, 139, 140, 141, 142, 143, 144, 145, 146, 147, 149, 150, 152, 153, 154, 156, 167, 168, 169, 170, 171, 172, 173, 174, 177, 178, 179, 180, 181, 182, 183, 184, 185, 186, 188, 189, 191, 192, 193, 194, 196, 198, 200, 201, 203], "excluded_lines": [148, 199], "executed_branches": [], "missing_branches": [[34, 35], [34, 37], [39, 40], [39, 42], [44, 45], [44, 52], [47, 48], [47, 49], [49, 44], [49, 50], [52, 53], [52, 54], [54, 55], [54, 58], [58, 59], [58, 61], [69, 70], [69, 74], [71, 72], [71, 74], [75, 76], [75, 80], [77, 78], [77, 80], [89, 90], [89, 110], [98, 99], [98, 100], [100, 101], [100, 103], [110, 111], [110, 118], [112, 113], [112, 115], [118, 119], [118, 126], [131, 132], [131, 167], [134, 135], [134, 152], [136, 137], [136, 139], [141, 142], [141, 145], [152, 153], [152, 156], [168, 169], [168, 177], [170, 171], [170, 173], [178, 179], [178, 182], [179, 178], [179, 180], [183, 184], [183, 185], [192, 193], [192, 196], [200, 201], [200, 203]], "functions": {"_normalize": {"executed_lines": [], "summary": {"covered_lines": 0, "num_statements": 3, "percent_covered": 0.0, "percent_covered_display": "0.00", "missing_lines": 3, "excluded_lines": 0, "percent_statements_covered": 0.0, "percent_statements_covered_display": "0.00", "num_branches": 0, "num_partial_branches": 0, "covered_branches": 0, "missing_branches": 0, "percent_branches_covered": 100.0, "percent_branches_covered_display": "100.00"}, "missing_lines": [27, 28, 29], "excluded_lines": [], "start_line": 25, "executed_branches": [], "missing_branches": []}, "_find_document": {"executed_lines": [], "summary": {"covered_lines": 0, "num_statements": 24, "percent_covered": 0.0, "percent_covered_display": "0.00", "missing_lines": 24, "excluded_lines": 0, "percent_statements_covered": 0.0, "percent_statements_covered_display": "0.00", "num_branches": 16, "num_partial_branches": 0, "covered_branches": 0, "missing_branches": 16, "percent_branches_covered": 0.0, "percent_branches_covered_display": "0.00"}, "missing_lines": [34, 35, 37, 39, 40, 42, 43, 44, 45, 46, 47, 48, 49, 50, 52, 53, 54, 55, 56, 58, 59, 61, 62, 63], "excluded_lines": [], "start_line": 32, "executed_branches": [], "missing_branches": [[34, 35], [34, 37], [39, 40], [39, 42], [44, 45], [44, 52], [47, 48], [47, 49], [49, 44], [49, 50], [52, 53], [52, 54], [54, 55], [54, 58], [58, 59], [58, 61]]}, "_download_document_bytes": {"executed_lines": [], "summary": {"covered_lines": 0, "num_statements": 11, "percent_covered": 0.0, "percent_covered_display": "0.00", "missing_lines": 11, "excluded_lines": 0, "percent_statements_covered": 0.0, "percent_statements_covered_display": "0.00", "num_branches": 8, "num_partial_branches": 0, "covered_branches": 0, "missing_branches": 8, "percent_branches_covered": 0.0, "percent_branches_covered_display": "0.00"}, "missing_lines": [68, 69, 70, 71, 72, 74, 75, 76, 77, 78, 80], "excluded_lines": [], "start_line": 66, "executed_branches": [], "missing_branches": [[69, 70], [69, 74], [71, 72], [71, 74], [75, 76], [75, 80], [77, 78], [77, 80]]}, "doc_organizer_node": {"executed_lines": [], "summary": {"covered_lines": 0, "num_statements": 80, "percent_covered": 0.0, "percent_covered_display": "0.00", "missing_lines": 80, "excluded_lines": 2, "percent_statements_covered": 0.0, "percent_statements_covered_display": "0.00", "num_branches": 36, "num_partial_branches": 0, "covered_branches": 0, "missing_branches": 36, "percent_branches_covered": 0.0, "percent_branches_covered_display": "0.00"}, "missing_lines": [85, 86, 89, 90, 91, 92, 93, 94, 95, 96, 97, 98, 99, 100, 101, 102, 103, 110, 111, 112, 113, 114, 115, 118, 119, 126, 127, 130, 131, 132, 133, 134, 135, 136, 137, 138, 139, 140, 141, 142, 143, 144, 145, 146, 147, 149, 150, 152, 153, 154, 156, 167, 168, 169, 170, 171, 172, 173, 174, 177, 178, 179, 180, 181, 182, 183, 184, 185, 186, 188, 189, 191, 192, 193, 194, 196, 198, 200, 201, 203], "excluded_lines": [148, 199], "start_line": 83, "executed_branches": [], "missing_branches": [[89, 90], [89, 110], [98, 99], [98, 100], [100, 101], [100, 103], [110, 111], [110, 118], [112, 113], [112, 115], [118, 119], [118, 126], [131, 132], [131, 167], [134, 135], [134, 152], [136, 137], [136, 139], [141, 142], [141, 145], [152, 153], [152, 156], [168, 169], [168, 177], [170, 171], [170, 173], [178, 179], [178, 182], [179, 178], [179, 180], [183, 184], [183, 185], [192, 193], [192, 196], [200, 201], [200, 203]]}, "": {"executed_lines": [8, 9, 10, 12, 16, 17, 18, 20, 22, 25, 32, 66, 83], "summary": {"covered_lines": 13, "num_statements": 13, "percent_covered": 100.0, "percent_covered_display": "100.00", "missing_lines": 0, "excluded_lines": 0, "percent_statements_covered": 100.0, "percent_statements_covered_display": "100.00", "num_branches": 0, "num_partial_branches": 0, "covered_branches": 0, "missing_branches": 0, "percent_branches_covered": 100.0, "percent_branches_covered_display": "100.00"}, "missing_lines": [], "excluded_lines": [], "start_line": 1, "executed_branches": [], "missing_branches": []}}, "classes": {"": {"executed_lines": [8, 9, 10, 12, 16, 17, 18, 20, 22, 25, 32, 66, 83], "summary": {"covered_lines": 13, "num_statements": 131, "percent_covered": 6.806282722513089, "percent_covered_display": "6.81", "missing_lines": 118, "excluded_lines": 2, "percent_statements_covered": 9.923664122137405, "percent_statements_covered_display": "9.92", "num_branches": 60, "num_partial_branches": 0, "covered_branches": 0, "missing_branches": 60, "percent_branches_covered": 0.0, "percent_branches_covered_display": "0.00"}, "missing_lines": [27, 28, 29, 34, 35, 37, 39, 40, 42, 43, 44, 45, 46, 47, 48, 49, 50, 52, 53, 54, 55, 56, 58, 59, 61, 62, 63, 68, 69, 70, 71, 72, 74, 75, 76, 77, 78, 80, 85, 86, 89, 90, 91, 92, 93, 94, 95, 96, 97, 98, 99, 100, 101, 102, 103, 110, 111, 112, 113, 114, 115, 118, 119, 126, 127, 130, 131, 132, 133, 134, 135, 136, 137, 138, 139, 140, 141, 142, 143, 144, 145, 146, 147, 149, 150, 152, 153, 154, 156, 167, 168, 169, 170, 171, 172, 173, 174, 177, 178, 179, 180, 181, 182, 183, 184, 185, 186, 188, 189, 191, 192, 193, 194, 196, 198, 200, 201, 203], "excluded_lines": [148, 199], "start_line": 1, "executed_branches": [], "missing_branches": [[34, 35], [34, 37], [39, 40], [39, 42], [44, 45], [44, 52], [47, 48], [47, 49], [49, 44], [49, 50], [52, 53], [52, 54], [54, 55], [54, 58], [58, 59], [58, 61], [69, 70], [69, 74], [71, 72], [71, 74], [75, 76], [75, 80], [77, 78], [77, 80], [89, 90], [89, 110], [98, 99], [98, 100], [100, 101], [100, 103], [110, 111], [110, 118], [112, 113], [112, 115], [118, 119], [118, 126], [131, 132], [131, 167], [134, 135], [134, 152], [136, 137], [136, 139], [141, 142], [141, 145], [152, 153], [152, 156], [168, 169], [168, 177], [170, 171], [170, 173], [178, 179], [178, 182], [179, 178], [179, 180], [183, 184], [183, 185], [192, 193], [192, 196], [200, 201], [200, 203]]}}}, "ai/agents/doc_reader.py": {"executed_lines": [7, 9, 11, 17, 18, 19, 21, 23, 30, 69], "summary": {"covered_lines": 10, "num_statements": 62, "percent_covered": 12.5, "percent_covered_display": "12.50", "missing_lines": 52, "excluded_lines": 0, "percent_statements_covered": 16.129032258064516, "percent_statements_covered_display": "16.13", "num_branches": 18, "num_partial_branches": 0, "covered_branches": 0, "missing_branches": 18, "percent_branches_covered": 0.0, "percent_branches_covered_display": "0.00"}, "missing_lines": [32, 33, 35, 36, 37, 38, 39, 40, 41, 42, 43, 44, 46, 48, 52, 54, 55, 56, 57, 58, 60, 66, 70, 71, 73, 74, 75, 76, 78, 79, 80, 82, 84, 85, 87, 91, 93, 94, 95, 96, 97, 99, 100, 101, 102, 104, 105, 106, 107, 108, 116, 124], "excluded_lines": [], "executed_branches": [], "missing_branches": [[35, 36], [35, 46], [37, 38], [37, 44], [40, 41], [40, 42], [70, 71], [70, 73], [78, 79], [78, 82], [84, 85], [84, 87], [101, 102], [101, 104], [106, 107], [106, 116], [107, 108], [107, 124]], "functions": {"_read_notes_node": {"executed_lines": [], "summary": {"covered_lines": 0, "num_statements": 22, "percent_covered": 0.0, "percent_covered_display": "0.00", "missing_lines": 22, "excluded_lines": 0, "percent_statements_covered": 0.0, "percent_statements_covered_display": "0.00", "num_branches": 6, "num_partial_branches": 0, "covered_branches": 0, "missing_branches": 6, "percent_branches_covered": 0.0, "percent_branches_covered_display": "0.00"}, "missing_lines": [32, 33, 35, 36, 37, 38, 39, 40, 41, 42, 43, 44, 46, 48, 52, 54, 55, 56, 57, 58, 60, 66], "excluded_lines": [], "start_line": 30, "executed_branches": [], "missing_branches": [[35, 36], [35, 46], [37, 38], [37, 44], [40, 41], [40, 42]]}, "doc_reader_node": {"executed_lines": [], "summary": {"covered_lines": 0, "num_statements": 30, "percent_covered": 0.0, "percent_covered_display": "0.00", "missing_lines": 30, "excluded_lines": 0, "percent_statements_covered": 0.0, "percent_statements_covered_display": "0.00", "num_branches": 12, "num_partial_branches": 0, "covered_branches": 0, "missing_branches": 12, "percent_branches_covered": 0.0, "percent_branches_covered_display": "0.00"}, "missing_lines": [70, 71, 73, 74, 75, 76, 78, 79, 80, 82, 84, 85, 87, 91, 93, 94, 95, 96, 97, 99, 100, 101, 102, 104, 105, 106, 107, 108, 116, 124], "excluded_lines": [], "start_line": 69, "executed_branches": [], "missing_branches": [[70, 71], [70, 73], [78, 79], [78, 82], [84, 85], [84, 87], [101, 102], [101, 104], [106, 107], [106, 116], [107, 108], [107, 124]]}, "": {"executed_lines": [7, 9, 11, 17, 18, 19, 21, 23, 30, 69], "summary": {"covered_lines": 10, "num_statements": 10, "percent_covered": 100.0, "percent_covered_display": "100.00", "missing_lines": 0, "excluded_lines": 0, "percent_statements_covered": 100.0, "percent_statements_covered_display": "100.00", "num_branches": 0, "num_partial_branches": 0, "covered_branches": 0, "missing_branches": 0, "percent_branches_covered": 100.0, "percent_branches_covered_display": "100.00"}, "missing_lines": [], "excluded_lines": [], "start_line": 1, "executed_branches": [], "missing_branches": []}}, "classes": {"": {"executed_lines": [7, 9, 11, 17, 18, 19, 21, 23, 30, 69], "summary": {"covered_lines": 10, "num_statements": 62, "percent_covered": 12.5, "percent_covered_display": "12.50", "missing_lines": 52, "excluded_lines": 0, "percent_statements_covered": 16.129032258064516, "percent_statements_covered_display": "16.13", "num_branches": 18, "num_partial_branches": 0, "covered_branches": 0, "missing_branches": 18, "percent_branches_covered": 0.0, "percent_branches_covered_display": "0.00"}, "missing_lines": [32, 33, 35, 36, 37, 38, 39, 40, 41, 42, 43, 44, 46, 48, 52, 54, 55, 56, 57, 58, 60, 66, 70, 71, 73, 74, 75, 76, 78, 79, 80, 82, 84, 85, 87, 91, 93, 94, 95, 96, 97, 99, 100, 101, 102, 104, 105, 106, 107, 108, 116, 124], "excluded_lines": [], "start_line": 1, "executed_branches": [], "missing_branches": [[35, 36], [35, 46], [37, 38], [37, 44], [40, 41], [40, 42], [70, 71], [70, 73], [78, 79], [78, 82], [84, 85], [84, 87], [101, 102], [101, 104], [106, 107], [106, 116], [107, 108], [107, 124]]}}}, "ai/agents/doc_writer.py": {"executed_lines": [7, 8, 9, 10, 11, 13, 15, 19, 20, 21, 22, 23, 24, 26, 29, 36, 51, 59, 112], "summary": {"covered_lines": 19, "num_statements": 122, "percent_covered": 13.013698630136986, "percent_covered_display": "13.01", "missing_lines": 103, "excluded_lines": 0, "percent_statements_covered": 15.573770491803279, "percent_statements_covered_display": "15.57", "num_branches": 24, "num_partial_branches": 0, "covered_branches": 0, "missing_branches": 24, "percent_branches_covered": 0.0, "percent_branches_covered_display": "0.00"}, "missing_lines": [30, 31, 32, 33, 43, 44, 45, 46, 47, 48, 53, 54, 55, 56, 61, 62, 64, 65, 67, 68, 70, 71, 72, 73, 74, 76, 77, 79, 80, 81, 82, 83, 85, 86, 88, 89, 94, 95, 97, 98, 99, 100, 101, 103, 109, 113, 114, 116, 117, 118, 121, 125, 127, 128, 129, 130, 131, 133, 134, 137, 140, 141, 142, 145, 146, 153, 160, 161, 164, 165, 166, 172, 173, 176, 186, 187, 188, 190, 191, 193, 194, 195, 196, 197, 200, 201, 210, 211, 212, 213, 214, 215, 216, 217, 218, 219, 220, 221, 222, 223, 224, 226, 227], "excluded_lines": [], "executed_branches": [], "missing_branches": [[44, 45], [44, 48], [64, 65], [64, 67], [76, 77], [76, 79], [85, 86], [85, 88], [113, 114], [113, 116], [133, 134], [133, 137], [160, 161], [160, 164], [186, 187], [186, 190], [211, 212], [211, 223], [216, 217], [216, 222], [217, 216], [217, 218], [223, 224], [223, 226]], "functions": {"_slugify": {"executed_lines": [], "summary": {"covered_lines": 0, "num_statements": 4, "percent_covered": 0.0, "percent_covered_display": "0.00", "missing_lines": 4, "excluded_lines": 0, "percent_statements_covered": 0.0, "percent_statements_covered_display": "0.00", "num_branches": 0, "num_partial_branches": 0, "covered_branches": 0, "missing_branches": 0, "percent_branches_covered": 100.0, "percent_branches_covered_display": "100.00"}, "missing_lines": [30, 31, 32, 33], "excluded_lines": [], "start_line": 29, "executed_branches": [], "missing_branches": []}, "_parse_llm_output": {"executed_lines": [], "summary": {"covered_lines": 0, "num_statements": 6, "percent_covered": 0.0, "percent_covered_display": "0.00", "missing_lines": 6, "excluded_lines": 0, "percent_statements_covered": 0.0, "percent_statements_covered_display": "0.00", "num_branches": 2, "num_partial_branches": 0, "covered_branches": 0, "missing_branches": 2, "percent_branches_covered": 0.0, "percent_branches_covered_display": "0.00"}, "missing_lines": [43, 44, 45, 46, 47, 48], "excluded_lines": [], "start_line": 36, "executed_branches": [], "missing_branches": [[44, 45], [44, 48]]}, "_generate_filename": {"executed_lines": [], "summary": {"covered_lines": 0, "num_statements": 4, "percent_covered": 0.0, "percent_covered_display": "0.00", "missing_lines": 4, "excluded_lines": 0, "percent_statements_covered": 0.0, "percent_statements_covered_display": "0.00", "num_branches": 0, "num_partial_branches": 0, "covered_branches": 0, "missing_branches": 0, "percent_branches_covered": 100.0, "percent_branches_covered_display": "100.00"}, "missing_lines": [53, 54, 55, 56], "excluded_lines": [], "start_line": 51, "executed_branches": [], "missing_branches": []}, "_write_note_node": {"executed_lines": [], "summary": {"covered_lines": 0, "num_statements": 31, "percent_covered": 0.0, "percent_covered_display": "0.00", "missing_lines": 31, "excluded_lines": 0, "percent_statements_covered": 0.0, "percent_statements_covered_display": "0.00", "num_branches": 6, "num_partial_branches": 0, "covered_branches": 0, "missing_branches": 6, "percent_branches_covered": 0.0, "percent_branches_covered_display": "0.00"}, "missing_lines": [61, 62, 64, 65, 67, 68, 70, 71, 72, 73, 74, 76, 77, 79, 80, 81, 82, 83, 85, 86, 88, 89, 94, 95, 97, 98, 99, 100, 101, 103, 109], "excluded_lines": [], "start_line": 59, "executed_branches": [], "missing_branches": [[64, 65], [64, 67], [76, 77], [76, 79], [85, 86], [85, 88]]}, "doc_writer_node": {"executed_lines": [], "summary": {"covered_lines": 0, "num_statements": 58, "percent_covered": 0.0, "percent_covered_display": "0.00", "missing_lines": 58, "excluded_lines": 0, "percent_statements_covered": 0.0, "percent_statements_covered_display": "0.00", "num_branches": 16, "num_partial_branches": 0, "covered_branches": 0, "missing_branches": 16, "percent_branches_covered": 0.0, "percent_branches_covered_display": "0.00"}, "missing_lines": [113, 114, 116, 117, 118, 121, 125, 127, 128, 129, 130, 131, 133, 134, 137, 140, 141, 142, 145, 146, 153, 160, 161, 164, 165, 166, 172, 173, 176, 186, 187, 188, 190, 191, 193, 194, 195, 196, 197, 200, 201, 210, 211, 212, 213, 214, 215, 216, 217, 218, 219, 220, 221, 222, 223, 224, 226, 227], "excluded_lines": [], "start_line": 112, "executed_branches": [], "missing_branches": [[113, 114], [113, 116], [133, 134], [133, 137], [160, 161], [160, 164], [186, 187], [186, 190], [211, 212], [211, 223], [216, 217], [216, 222], [217, 216], [217, 218], [223, 224], [223, 226]]}, "": {"executed_lines": [7, 8, 9, 10, 11, 13, 15, 19, 20, 21, 22, 23, 24, 26, 29, 36, 51, 59, 112], "summary": {"covered_lines": 19, "num_statements": 19, "percent_covered": 100.0, "percent_covered_display": "100.00", "missing_lines": 0, "excluded_lines": 0, "percent_statements_covered": 100.0, "percent_statements_covered_display": "100.00", "num_branches": 0, "num_partial_branches": 0, "covered_branches": 0, "missing_branches": 0, "percent_branches_covered": 100.0, "percent_branches_covered_display": "100.00"}, "missing_lines": [], "excluded_lines": [], "start_line": 1, "executed_branches": [], "missing_branches": []}}, "classes": {"": {"executed_lines": [7, 8, 9, 10, 11, 13, 15, 19, 20, 21, 22, 23, 24, 26, 29, 36, 51, 59, 112], "summary": {"covered_lines": 19, "num_statements": 122, "percent_covered": 13.013698630136986, "percent_covered_display": "13.01", "missing_lines": 103, "excluded_lines": 0, "percent_statements_covered": 15.573770491803279, "percent_statements_covered_display": "15.57", "num_branches": 24, "num_partial_branches": 0, "covered_branches": 0, "missing_branches": 24, "percent_branches_covered": 0.0, "percent_branches_covered_display": "0.00"}, "missing_lines": [30, 31, 32, 33, 43, 44, 45, 46, 47, 48, 53, 54, 55, 56, 61, 62, 64, 65, 67, 68, 70, 71, 72, 73, 74, 76, 77, 79, 80, 81, 82, 83, 85, 86, 88, 89, 94, 95, 97, 98, 99, 100, 101, 103, 109, 113, 114, 116, 117, 118, 121, 125, 127, 128, 129, 130, 131, 133, 134, 137, 140, 141, 142, 145, 146, 153, 160, 161, 164, 165, 166, 172, 173, 176, 186, 187, 188, 190, 191, 193, 194, 195, 196, 197, 200, 201, 210, 211, 212, 213, 214, 215, 216, 217, 218, 219, 220, 221, 222, 223, 224, 226, 227], "excluded_lines": [], "start_line": 1, "executed_branches": [], "missing_branches": [[44, 45], [44, 48], [64, 65], [64, 67], [76, 77], [76, 79], [85, 86], [85, 88], [113, 114], [113, 116], [133, 134], [133, 137], [160, 161], [160, 164], [186, 187], [186, 190], [211, 212], [211, 223], [216, 217], [216, 222], [217, 216], [217, 218], [223, 224], [223, 226]]}}}, "ai/agents/intent_interpreter.py": {"executed_lines": [1, 2, 3, 5, 7, 8, 9, 10, 12, 14, 32, 35, 55, 86], "summary": {"covered_lines": 14, "num_statements": 76, "percent_covered": 14.285714285714286, "percent_covered_display": "14.29", "missing_lines": 62, "excluded_lines": 0, "percent_statements_covered": 18.42105263157895, "percent_statements_covered_display": "18.42", "num_branches": 22, "num_partial_branches": 0, "covered_branches": 0, "missing_branches": 22, "percent_branches_covered": 0.0, "percent_branches_covered_display": "0.00"}, "missing_lines": [36, 37, 38, 39, 40, 41, 44, 45, 46, 47, 48, 49, 50, 51, 52, 56, 57, 58, 59, 60, 62, 63, 65, 66, 67, 68, 69, 70, 71, 72, 73, 74, 75, 77, 87, 91, 93, 94, 95, 96, 97, 105, 106, 108, 109, 110, 111, 113, 114, 116, 124, 125, 126, 128, 129, 130, 134, 135, 136, 137, 140, 142], "excluded_lines": [], "executed_branches": [], "missing_branches": [[36, 37], [36, 38], [46, 47], [46, 52], [62, 63], [62, 65], [66, 67], [66, 68], [68, 69], [68, 70], [70, 71], [70, 72], [72, 73], [72, 74], [74, 75], [74, 77], [113, 114], [113, 116], [124, 125], [124, 128], [128, 129], [128, 142]], "functions": {"_safe_parse_json": {"executed_lines": [], "summary": {"covered_lines": 0, "num_statements": 15, "percent_covered": 0.0, "percent_covered_display": "0.00", "missing_lines": 15, "excluded_lines": 0, "percent_statements_covered": 0.0, "percent_statements_covered_display": "0.00", "num_branches": 4, "num_partial_branches": 0, "covered_branches": 0, "missing_branches": 4, "percent_branches_covered": 0.0, "percent_branches_covered_display": "0.00"}, "missing_lines": [36, 37, 38, 39, 40, 41, 44, 45, 46, 47, 48, 49, 50, 51, 52], "excluded_lines": [], "start_line": 35, "executed_branches": [], "missing_branches": [[36, 37], [36, 38], [46, 47], [46, 52]]}, "_normalize_intent": {"executed_lines": [], "summary": {"covered_lines": 0, "num_statements": 19, "percent_covered": 0.0, "percent_covered_display": "0.00", "missing_lines": 19, "excluded_lines": 0, "percent_statements_covered": 0.0, "percent_statements_covered_display": "0.00", "num_branches": 12, "num_partial_branches": 0, "covered_branches": 0, "missing_branches": 12, "percent_branches_covered": 0.0, "percent_branches_covered_display": "0.00"}, "missing_lines": [56, 57, 58, 59, 60, 62, 63, 65, 66, 67, 68, 69, 70, 71, 72, 73, 74, 75, 77], "excluded_lines": [], "start_line": 55, "executed_branches": [], "missing_branches": [[62, 63], [62, 65], [66, 67], [66, 68], [68, 69], [68, 70], [70, 71], [70, 72], [72, 73], [72, 74], [74, 75], [74, 77]]}, "intent_interpreter_node": {"executed_lines": [], "summary": {"covered_lines": 0, "num_statements": 28, "percent_covered": 0.0, "percent_covered_display": "0.00", "missing_lines": 28, "excluded_lines": 0, "percent_statements_covered": 0.0, "percent_statements_covered_display": "0.00", "num_branches": 6, "num_partial_branches": 0, "covered_branches": 0, "missing_branches": 6, "percent_branches_covered": 0.0, "percent_branches_covered_display": "0.00"}, "missing_lines": [87, 91, 93, 94, 95, 96, 97, 105, 106, 108, 109, 110, 111, 113, 114, 116, 124, 125, 126, 128, 129, 130, 134, 135, 136, 137, 140, 142], "excluded_lines": [], "start_line": 86, "executed_branches": [], "missing_branches": [[113, 114], [113, 116], [124, 125], [124, 128], [128, 129], [128, 142]]}, "": {"executed_lines": [1, 2, 3, 5, 7, 8, 9, 10, 12, 14, 32, 35, 55, 86], "summary": {"covered_lines": 14, "num_statements": 14, "percent_covered": 100.0, "percent_covered_display": "100.00", "missing_lines": 0, "excluded_lines": 0, "percent_statements_covered": 100.0, "percent_statements_covered_display": "100.00", "num_branches": 0, "num_partial_branches": 0, "covered_branches": 0, "missing_branches": 0, "percent_branches_covered": 100.0, "percent_branches_covered_display": "100.00"}, "missing_lines": [], "excluded_lines": [], "start_line": 1, "executed_branches": [], "missing_branches": []}}, "classes": {"": {"executed_lines": [1, 2, 3, 5, 7, 8, 9, 10, 12, 14, 32, 35, 55, 86], "summary": {"covered_lines": 14, "num_statements": 76, "percent_covered": 14.285714285714286, "percent_covered_display": "14.29", "missing_lines": 62, "excluded_lines": 0, "percent_statements_covered": 18.42105263157895, "percent_statements_covered_display": "18.42", "num_branches": 22, "num_partial_branches": 0, "covered_branches": 0, "missing_branches": 22, "percent_branches_covered": 0.0, "percent_branches_covered_display": "0.00"}, "missing_lines": [36, 37, 38, 39, 40, 41, 44, 45, 46, 47, 48, 49, 50, 51, 52, 56, 57, 58, 59, 60, 62, 63, 65, 66, 67, 68, 69, 70, 71, 72, 73, 74, 75, 77, 87, 91, 93, 94, 95, 96, 97, 105, 106, 108, 109, 110, 111, 113, 114, 116, 124, 125, 126, 128, 129, 130, 134, 135, 136, 137, 140, 142], "excluded_lines": [], "start_line": 1, "executed_branches": [], "missing_branches": [[36, 37], [36, 38], [46, 47], [46, 52], [62, 63], [62, 65], [66, 67], [66, 68], [68, 69], [68, 70], [70, 71], [70, 72], [72, 73], [72, 74], [74, 75], [74, 77], [113, 114], [113, 116], [124, 125], [124, 128], [128, 129], [128, 142]]}}}, "ai/agents/progress_tracker.py": {"executed_lines": [1, 3, 5, 6, 7, 9, 12], "summary": {"covered_lines": 7, "num_statements": 15, "percent_covered": 46.666666666666664, "percent_covered_display": "46.67", "missing_lines": 8, "excluded_lines": 0, "percent_statements_covered": 46.666666666666664, "percent_statements_covered_display": "46.67", "num_branches": 0, "num_partial_branches": 0, "covered_branches": 0, "missing_branches": 0, "percent_branches_covered": 100.0, "percent_branches_covered_display": "100.00"}, "missing_lines": [13, 17, 18, 19, 20, 21, 22, 23], "excluded_lines": [], "executed_branches": [], "missing_branches": [], "functions": {"progress_tracker_node": {"executed_lines": [], "summary": {"covered_lines": 0, "num_statements": 8, "percent_covered": 0.0, "percent_covered_display": "0.00", "missing_lines": 8, "excluded_lines": 0, "percent_statements_covered": 0.0, "percent_statements_covered_display": "0.00", "num_branches": 0, "num_partial_branches": 0, "covered_branches": 0, "missing_branches": 0, "percent_branches_covered": 100.0, "percent_branches_covered_display": "100.00"}, "missing_lines": [13, 17, 18, 19, 20, 21, 22, 23], "excluded_lines": [], "start_line": 12, "executed_branches": [], "missing_branches": []}, "": {"executed_lines": [1, 3, 5, 6, 7, 9, 12], "summary": {"covered_lines": 7, "num_statements": 7, "percent_covered": 100.0, "percent_covered_display": "100.00", "missing_lines": 0, "excluded_lines": 0, "percent_statements_covered": 100.0, "percent_statements_covered_display": "100.00", "num_branches": 0, "num_partial_branches": 0, "covered_branches": 0, "missing_branches": 0, "percent_branches_covered": 100.0, "percent_branches_covered_display": "100.00"}, "missing_lines": [], "excluded_lines": [], "start_line": 1, "executed_branches": [], "missing_branches": []}}, "classes": {"": {"executed_lines": [1, 3, 5, 6, 7, 9, 12], "summary": {"covered_lines": 7, "num_statements": 15, "percent_covered": 46.666666666666664, "percent_covered_display": "46.67", "missing_lines": 8, "excluded_lines": 0, "percent_statements_covered": 46.666666666666664, "percent_statements_covered_display": "46.67", "num_branches": 0, "num_partial_branches": 0, "covered_branches": 0, "missing_branches": 0, "percent_branches_covered": 100.0, "percent_branches_covered_display": "100.00"}, "missing_lines": [13, 17, 18, 19, 20, 21, 22, 23], "excluded_lines": [], "start_line": 1, "executed_branches": [], "missing_branches": []}}}, "ai/agents/queue_executor.py": {"executed_lines": [1, 2, 3, 5, 7, 10, 26, 36], "summary": {"covered_lines": 8, "num_statements": 48, "percent_covered": 12.121212121212121, "percent_covered_display": "12.12", "missing_lines": 40, "excluded_lines": 0, "percent_statements_covered": 16.666666666666668, "percent_statements_covered_display": "16.67", "num_branches": 18, "num_partial_branches": 0, "covered_branches": 0, "missing_branches": 18, "percent_branches_covered": 0.0, "percent_branches_covered_display": "0.00"}, "missing_lines": [12, 13, 14, 15, 16, 17, 18, 19, 20, 21, 22, 23, 27, 28, 29, 30, 31, 32, 33, 37, 38, 39, 42, 43, 44, 45, 46, 51, 52, 54, 62, 63, 64, 65, 66, 67, 70, 71, 73, 81], "excluded_lines": [], "executed_branches": [], "missing_branches": [[12, 13], [12, 14], [15, 16], [15, 23], [16, 17], [16, 22], [18, 19], [18, 22], [28, 29], [28, 30], [30, 31], [30, 32], [43, 44], [43, 54], [51, 52], [51, 54], [62, 63], [62, 70]], "functions": {"_resolve_refs": {"executed_lines": [], "summary": {"covered_lines": 0, "num_statements": 12, "percent_covered": 0.0, "percent_covered_display": "0.00", "missing_lines": 12, "excluded_lines": 0, "percent_statements_covered": 0.0, "percent_statements_covered_display": "0.00", "num_branches": 8, "num_partial_branches": 0, "covered_branches": 0, "missing_branches": 8, "percent_branches_covered": 0.0, "percent_branches_covered_display": "0.00"}, "missing_lines": [12, 13, 14, 15, 16, 17, 18, 19, 20, 21, 22, 23], "excluded_lines": [], "start_line": 10, "executed_branches": [], "missing_branches": [[12, 13], [12, 14], [15, 16], [15, 23], [16, 17], [16, 22], [18, 19], [18, 22]]}, "_build_summary": {"executed_lines": [], "summary": {"covered_lines": 0, "num_statements": 7, "percent_covered": 0.0, "percent_covered_display": "0.00", "missing_lines": 7, "excluded_lines": 0, "percent_statements_covered": 0.0, "percent_statements_covered_display": "0.00", "num_branches": 4, "num_partial_branches": 0, "covered_branches": 0, "missing_branches": 4, "percent_branches_covered": 0.0, "percent_branches_covered_display": "0.00"}, "missing_lines": [27, 28, 29, 30, 31, 32, 33], "excluded_lines": [], "start_line": 26, "executed_branches": [], "missing_branches": [[28, 29], [28, 30], [30, 31], [30, 32]]}, "queue_executor_node": {"executed_lines": [], "summary": {"covered_lines": 0, "num_statements": 21, "percent_covered": 0.0, "percent_covered_display": "0.00", "missing_lines": 21, "excluded_lines": 0, "percent_statements_covered": 0.0, "percent_statements_covered_display": "0.00", "num_branches": 6, "num_partial_branches": 0, "covered_branches": 0, "missing_branches": 6, "percent_branches_covered": 0.0, "percent_branches_covered_display": "0.00"}, "missing_lines": [37, 38, 39, 42, 43, 44, 45, 46, 51, 52, 54, 62, 63, 64, 65, 66, 67, 70, 71, 73, 81], "excluded_lines": [], "start_line": 36, "executed_branches": [], "missing_branches": [[43, 44], [43, 54], [51, 52], [51, 54], [62, 63], [62, 70]]}, "": {"executed_lines": [1, 2, 3, 5, 7, 10, 26, 36], "summary": {"covered_lines": 8, "num_statements": 8, "percent_covered": 100.0, "percent_covered_display": "100.00", "missing_lines": 0, "excluded_lines": 0, "percent_statements_covered": 100.0, "percent_statements_covered_display": "100.00", "num_branches": 0, "num_partial_branches": 0, "covered_branches": 0, "missing_branches": 0, "percent_branches_covered": 100.0, "percent_branches_covered_display": "100.00"}, "missing_lines": [], "excluded_lines": [], "start_line": 1, "executed_branches": [], "missing_branches": []}}, "classes": {"": {"executed_lines": [1, 2, 3, 5, 7, 10, 26, 36], "summary": {"covered_lines": 8, "num_statements": 48, "percent_covered": 12.121212121212121, "percent_covered_display": "12.12", "missing_lines": 40, "excluded_lines": 0, "percent_statements_covered": 16.666666666666668, "percent_statements_covered_display": "16.67", "num_branches": 18, "num_partial_branches": 0, "covered_branches": 0, "missing_branches": 18, "percent_branches_covered": 0.0, "percent_branches_covered_display": "0.00"}, "missing_lines": [12, 13, 14, 15, 16, 17, 18, 19, 20, 21, 22, 23, 27, 28, 29, 30, 31, 32, 33, 37, 38, 39, 42, 43, 44, 45, 46, 51, 52, 54, 62, 63, 64, 65, 66, 67, 70, 71, 73, 81], "excluded_lines": [], "start_line": 1, "executed_branches": [], "missing_branches": [[12, 13], [12, 14], [15, 16], [15, 23], [16, 17], [16, 22], [18, 19], [18, 22], [28, 29], [28, 30], [30, 31], [30, 32], [43, 44], [43, 54], [51, 52], [51, 54], [62, 63], [62, 70]]}}}, "ai/agents/recommendations.py": {"executed_lines": [1, 3, 5, 6, 7, 9, 12], "summary": {"covered_lines": 7, "num_statements": 15, "percent_covered": 46.666666666666664, "percent_covered_display": "46.67", "missing_lines": 8, "excluded_lines": 0, "percent_statements_covered": 46.666666666666664, "percent_statements_covered_display": "46.67", "num_branches": 0, "num_partial_branches": 0, "covered_branches": 0, "missing_branches": 0, "percent_branches_covered": 100.0, "percent_branches_covered_display": "100.00"}, "missing_lines": [13, 17, 18, 19, 20, 21, 22, 23], "excluded_lines": [], "executed_branches": [], "missing_branches": [], "functions": {"recommendations_node": {"executed_lines": [], "summary": {"covered_lines": 0, "num_statements": 8, "percent_covered": 0.0, "percent_covered_display": "0.00", "missing_lines": 8, "excluded_lines": 0, "percent_statements_covered": 0.0, "percent_statements_covered_display": "0.00", "num_branches": 0, "num_partial_branches": 0, "covered_branches": 0, "missing_branches": 0, "percent_branches_covered": 100.0, "percent_branches_covered_display": "100.00"}, "missing_lines": [13, 17, 18, 19, 20, 21, 22, 23], "excluded_lines": [], "start_line": 12, "executed_branches": [], "missing_branches": []}, "": {"executed_lines": [1, 3, 5, 6, 7, 9, 12], "summary": {"covered_lines": 7, "num_statements": 7, "percent_covered": 100.0, "percent_covered_display": "100.00", "missing_lines": 0, "excluded_lines": 0, "percent_statements_covered": 100.0, "percent_statements_covered_display": "100.00", "num_branches": 0, "num_partial_branches": 0, "covered_branches": 0, "missing_branches": 0, "percent_branches_covered": 100.0, "percent_branches_covered_display": "100.00"}, "missing_lines": [], "excluded_lines": [], "start_line": 1, "executed_branches": [], "missing_branches": []}}, "classes": {"": {"executed_lines": [1, 3, 5, 6, 7, 9, 12], "summary": {"covered_lines": 7, "num_statements": 15, "percent_covered": 46.666666666666664, "percent_covered_display": "46.67", "missing_lines": 8, "excluded_lines": 0, "percent_statements_covered": 46.666666666666664, "percent_statements_covered_display": "46.67", "num_branches": 0, "num_partial_branches": 0, "covered_branches": 0, "missing_branches": 0, "percent_branches_covered": 100.0, "percent_branches_covered_display": "100.00"}, "missing_lines": [13, 17, 18, 19, 20, 21, 22, 23], "excluded_lines": [], "start_line": 1, "executed_branches": [], "missing_branches": []}}}, "ai/agents/research.py": {"executed_lines": [1, 2, 4, 6, 7, 8, 9, 12, 15, 40], "summary": {"covered_lines": 10, "num_statements": 35, "percent_covered": 24.390243902439025, "percent_covered_display": "24.39", "missing_lines": 25, "excluded_lines": 0, "percent_statements_covered": 28.571428571428573, "percent_statements_covered_display": "28.57", "num_branches": 6, "num_partial_branches": 0, "covered_branches": 0, "missing_branches": 6, "percent_branches_covered": 0.0, "percent_branches_covered_display": "0.00"}, "missing_lines": [17, 18, 19, 20, 21, 22, 23, 24, 25, 26, 27, 28, 29, 30, 31, 41, 42, 46, 47, 48, 49, 50, 51, 53, 55], "excluded_lines": [], "executed_branches": [], "missing_branches": [[17, 18], [17, 19], [24, -15], [24, 25], [26, 27], [26, 28]], "functions": {"_register_document_listings": {"executed_lines": [], "summary": {"covered_lines": 0, "num_statements": 15, "percent_covered": 0.0, "percent_covered_display": "0.00", "missing_lines": 15, "excluded_lines": 0, "percent_statements_covered": 0.0, "percent_statements_covered_display": "0.00", "num_branches": 6, "num_partial_branches": 0, "covered_branches": 0, "missing_branches": 6, "percent_branches_covered": 0.0, "percent_branches_covered_display": "0.00"}, "missing_lines": [17, 18, 19, 20, 21, 22, 23, 24, 25, 26, 27, 28, 29, 30, 31], "excluded_lines": [], "start_line": 15, "executed_branches": [], "missing_branches": [[17, 18], [17, 19], [24, -15], [24, 25], [26, 27], [26, 28]]}, "research_node": {"executed_lines": [], "summary": {"covered_lines": 0, "num_statements": 10, "percent_covered": 0.0, "percent_covered_display": "0.00", "missing_lines": 10, "excluded_lines": 0, "percent_statements_covered": 0.0, "percent_statements_covered_display": "0.00", "num_branches": 0, "num_partial_branches": 0, "covered_branches": 0, "missing_branches": 0, "percent_branches_covered": 100.0, "percent_branches_covered_display": "100.00"}, "missing_lines": [41, 42, 46, 47, 48, 49, 50, 51, 53, 55], "excluded_lines": [], "start_line": 40, "executed_branches": [], "missing_branches": []}, "": {"executed_lines": [1, 2, 4, 6, 7, 8, 9, 12, 15, 40], "summary": {"covered_lines": 10, "num_statements": 10, "percent_covered": 100.0, "percent_covered_display": "100.00", "missing_lines": 0, "excluded_lines": 0, "percent_statements_covered": 100.0, "percent_statements_covered_display": "100.00", "num_branches": 0, "num_partial_branches": 0, "covered_branches": 0, "missing_branches": 0, "percent_branches_covered": 100.0, "percent_branches_covered_display": "100.00"}, "missing_lines": [], "excluded_lines": [], "start_line": 1, "executed_branches": [], "missing_branches": []}}, "classes": {"": {"executed_lines": [1, 2, 4, 6, 7, 8, 9, 12, 15, 40], "summary": {"covered_lines": 10, "num_statements": 35, "percent_covered": 24.390243902439025, "percent_covered_display": "24.39", "missing_lines": 25, "excluded_lines": 0, "percent_statements_covered": 28.571428571428573, "percent_statements_covered_display": "28.57", "num_branches": 6, "num_partial_branches": 0, "covered_branches": 0, "missing_branches": 6, "percent_branches_covered": 0.0, "percent_branches_covered_display": "0.00"}, "missing_lines": [17, 18, 19, 20, 21, 22, 23, 24, 25, 26, 27, 28, 29, 30, 31, 41, 42, 46, 47, 48, 49, 50, 51, 53, 55], "excluded_lines": [], "start_line": 1, "executed_branches": [], "missing_branches": [[17, 18], [17, 19], [24, -15], [24, 25], [26, 27], [26, 28]]}}}, "ai/agents/supervisor.py": {"executed_lines": [1, 2, 4, 6, 7, 8, 9, 10, 12, 15, 27, 52, 54, 55, 56, 57, 58, 59, 60, 61, 62, 63, 64, 65, 66, 67, 71, 73, 74, 75, 76, 77, 78, 79, 80, 81, 82, 83, 84, 85, 86, 87, 88, 89, 90, 91, 92, 97, 100, 102, 103, 104, 105, 106, 107, 108, 109, 111, 112, 113, 114, 115, 116, 117, 118, 121, 135, 137, 138, 139, 140, 141, 142, 145, 160, 373, 374], "summary": {"covered_lines": 77, "num_statements": 226, "percent_covered": 31.612903225806452, "percent_covered_display": "31.61", "missing_lines": 149, "excluded_lines": 0, "percent_statements_covered": 34.07079646017699, "percent_statements_covered_display": "34.07", "num_branches": 84, "num_partial_branches": 1, "covered_branches": 21, "missing_branches": 63, "percent_branches_covered": 25.0, "percent_branches_covered_display": "25.00"}, "missing_lines": [29, 30, 31, 32, 33, 37, 39, 40, 41, 42, 43, 44, 45, 46, 47, 48, 49, 123, 124, 125, 126, 127, 128, 129, 130, 131, 132, 147, 148, 149, 150, 151, 152, 153, 154, 155, 156, 157, 166, 169, 170, 171, 172, 174, 175, 176, 177, 178, 189, 191, 192, 193, 201, 206, 213, 216, 218, 219, 220, 221, 222, 224, 225, 226, 228, 229, 231, 232, 235, 236, 239, 240, 241, 242, 243, 244, 247, 248, 250, 251, 252, 253, 254, 255, 257, 265, 268, 269, 270, 271, 272, 275, 276, 277, 278, 279, 280, 282, 283, 286, 287, 288, 290, 291, 292, 294, 295, 296, 303, 304, 305, 306, 307, 310, 311, 312, 313, 314, 315, 317, 318, 319, 326, 327, 329, 330, 331, 332, 333, 339, 340, 343, 344, 345, 346, 347, 348, 350, 351, 352, 353, 355, 356, 359, 360, 361, 367, 368, 370], "excluded_lines": [], "executed_branches": [[54, 55], [54, 56], [62, 63], [62, 67], [77, 78], [77, 79], [81, 82], [81, 97], [82, 83], [82, 84], [84, 85], [84, 86], [87, 88], [87, 89], [104, 105], [104, 118], [113, 114], [113, 116], [114, 115], [138, 139], [138, 142]], "missing_branches": [[31, 32], [31, 37], [45, 46], [45, 49], [114, 113], [128, 129], [128, 132], [153, 154], [153, 157], [170, 171], [170, 213], [174, 175], [174, 191], [176, 177], [176, 189], [191, 192], [191, 201], [228, 229], [228, 231], [231, 232], [231, 235], [235, 236], [235, 239], [241, 242], [241, 243], [247, 248], [247, 250], [251, 252], [251, 257], [268, 269], [268, 275], [270, 271], [270, 275], [275, 276], [275, 310], [290, 291], [290, 370], [294, 295], [294, 303], [304, 305], [304, 306], [306, 307], [306, 370], [310, 311], [310, 343], [318, 319], [318, 326], [326, 327], [326, 329], [331, 332], [331, 339], [339, 340], [339, 370], [343, 344], [343, 370], [351, 352], [351, 370], [352, 353], [352, 355], [359, 360], [359, 367], [367, 368], [367, 370]], "functions": {"_classify_pending_action": {"executed_lines": [], "summary": {"covered_lines": 0, "num_statements": 17, "percent_covered": 0.0, "percent_covered_display": "0.00", "missing_lines": 17, "excluded_lines": 0, "percent_statements_covered": 0.0, "percent_statements_covered_display": "0.00", "num_branches": 4, "num_partial_branches": 0, "covered_branches": 0, "missing_branches": 4, "percent_branches_covered": 0.0, "percent_branches_covered_display": "0.00"}, "missing_lines": [29, 30, 31, 32, 33, 37, 39, 40, 41, 42, 43, 44, 45, 46, 47, 48, 49], "excluded_lines": [], "start_line": 27, "executed_branches": [], "missing_branches": [[31, 32], [31, 37], [45, 46], [45, 49]]}, "_parse_supervisor_json": {"executed_lines": [54, 55, 56, 57, 58, 59, 60, 61, 62, 63, 64, 65, 66, 67], "summary": {"covered_lines": 14, "num_statements": 14, "percent_covered": 100.0, "percent_covered_display": "100.00", "missing_lines": 0, "excluded_lines": 0, "percent_statements_covered": 100.0, "percent_statements_covered_display": "100.00", "num_branches": 4, "num_partial_branches": 0, "covered_branches": 4, "missing_branches": 0, "percent_branches_covered": 100.0, "percent_branches_covered_display": "100.00"}, "missing_lines": [], "excluded_lines": [], "start_line": 52, "executed_branches": [[54, 55], [54, 56], [62, 63], [62, 67]], "missing_branches": []}, "_extract_docs_from_mutations": {"executed_lines": [73, 74, 75, 76, 77, 78, 79, 80, 81, 82, 83, 84, 85, 86, 87, 88, 89, 90, 91, 92, 97], "summary": {"covered_lines": 21, "num_statements": 21, "percent_covered": 100.0, "percent_covered_display": "100.00", "missing_lines": 0, "excluded_lines": 0, "percent_statements_covered": 100.0, "percent_statements_covered_display": "100.00", "num_branches": 10, "num_partial_branches": 0, "covered_branches": 10, "missing_branches": 0, "percent_branches_covered": 100.0, "percent_branches_covered_display": "100.00"}, "missing_lines": [], "excluded_lines": [], "start_line": 71, "executed_branches": [[77, 78], [77, 79], [81, 82], [81, 97], [82, 83], [82, 84], [84, 85], [84, 86], [87, 88], [87, 89]], "missing_branches": []}, "_build_doc_list_for_resolver": {"executed_lines": [102, 103, 104, 105, 106, 107, 108, 109, 111, 112, 113, 114, 115, 116, 117, 118], "summary": {"covered_lines": 16, "num_statements": 16, "percent_covered": 95.45454545454545, "percent_covered_display": "95.45", "missing_lines": 0, "excluded_lines": 0, "percent_statements_covered": 100.0, "percent_statements_covered_display": "100.00", "num_branches": 6, "num_partial_branches": 1, "covered_branches": 5, "missing_branches": 1, "percent_branches_covered": 83.33333333333333, "percent_branches_covered_display": "83.33"}, "missing_lines": [], "excluded_lines": [], "start_line": 100, "executed_branches": [[104, 105], [104, 118], [113, 114], [113, 116], [114, 115]], "missing_branches": [[114, 113]]}, "_resolve_doc_with_llm": {"executed_lines": [], "summary": {"covered_lines": 0, "num_statements": 10, "percent_covered": 0.0, "percent_covered_display": "0.00", "missing_lines": 10, "excluded_lines": 0, "percent_statements_covered": 0.0, "percent_statements_covered_display": "0.00", "num_branches": 2, "num_partial_branches": 0, "covered_branches": 0, "missing_branches": 2, "percent_branches_covered": 0.0, "percent_branches_covered_display": "0.00"}, "missing_lines": [123, 124, 125, 126, 127, 128, 129, 130, 131, 132], "excluded_lines": [], "start_line": 121, "executed_branches": [], "missing_branches": [[128, 129], [128, 132]]}, "_build_project_list_for_resolver": {"executed_lines": [137, 138, 139, 140, 141, 142], "summary": {"covered_lines": 6, "num_statements": 6, "percent_covered": 100.0, "percent_covered_display": "100.00", "missing_lines": 0, "excluded_lines": 0, "percent_statements_covered": 100.0, "percent_statements_covered_display": "100.00", "num_branches": 2, "num_partial_branches": 0, "covered_branches": 2, "missing_branches": 0, "percent_branches_covered": 100.0, "percent_branches_covered_display": "100.00"}, "missing_lines": [], "excluded_lines": [], "start_line": 135, "executed_branches": [[138, 139], [138, 142]], "missing_branches": []}, "_resolve_project_with_llm": {"executed_lines": [], "summary": {"covered_lines": 0, "num_statements": 11, "percent_covered": 0.0, "percent_covered_display": "0.00", "missing_lines": 11, "excluded_lines": 0, "percent_statements_covered": 0.0, "percent_statements_covered_display": "0.00", "num_branches": 2, "num_partial_branches": 0, "covered_branches": 0, "missing_branches": 2, "percent_branches_covered": 0.0, "percent_branches_covered_display": "0.00"}, "missing_lines": [147, 148, 149, 150, 151, 152, 153, 154, 155, 156, 157], "excluded_lines": [], "start_line": 145, "executed_branches": [], "missing_branches": [[153, 154], [153, 157]]}, "supervisor_node": {"executed_lines": [], "summary": {"covered_lines": 0, "num_statements": 111, "percent_covered": 0.0, "percent_covered_display": "0.00", "missing_lines": 111, "excluded_lines": 0, "percent_statements_covered": 0.0, "percent_statements_covered_display": "0.00", "num_branches": 54, "num_partial_branches": 0, "covered_branches": 0, "missing_branches": 54, "percent_branches_covered": 0.0, "percent_branches_covered_display": "0.00"}, "missing_lines": [166, 169, 170, 171, 172, 174, 175, 176, 177, 178, 189, 191, 192, 193, 201, 206, 213, 216, 218, 219, 220, 221, 222, 224, 225, 226, 228, 229, 231, 232, 235, 236, 239, 240, 241, 242, 243, 244, 247, 248, 250, 251, 252, 253, 254, 255, 257, 265, 268, 269, 270, 271, 272, 275, 276, 277, 278, 279, 280, 282, 283, 286, 287, 288, 290, 291, 292, 294, 295, 296, 303, 304, 305, 306, 307, 310, 311, 312, 313, 314, 315, 317, 318, 319, 326, 327, 329, 330, 331, 332, 333, 339, 340, 343, 344, 345, 346, 347, 348, 350, 351, 352, 353, 355, 356, 359, 360, 361, 367, 368, 370], "excluded_lines": [], "start_line": 160, "executed_branches": [], "missing_branches": [[170, 171], [170, 213], [174, 175], [174, 191], [176, 177], [176, 189], [191, 192], [191, 201], [228, 229], [228, 231], [231, 232], [231, 235], [235, 236], [235, 239], [241, 242], [241, 243], [247, 248], [247, 250], [251, 252], [251, 257], [268, 269], [268, 2
[...]
6], [145, 147], [148, 149], [148, 154]]}, "ProjectModel.calculate_progress": {"executed_lines": [], "summary": {"covered_lines": 0, "num_statements": 3, "percent_covered": 0.0, "percent_covered_display": "0.00", "missing_lines": 3, "excluded_lines": 0, "percent_statements_covered": 0.0, "percent_statements_covered_display": "0.00", "num_branches": 0, "num_partial_branches": 0, "covered_branches": 0, "missing_branches": 0, "percent_branches_covered": 100.0, "percent_branches_covered_display": "100.00"}, "missing_lines": [165, 167, 168], "excluded_lines": [], "start_line": 157, "executed_branches": [], "missing_branches": []}, "ProjectModel.find_by_category": {"executed_lines": [], "summary": {"covered_lines": 0, "num_statements": 4, "percent_covered": 0.0, "percent_covered_display": "0.00", "missing_lines": 4, "excluded_lines": 0, "percent_statements_covered": 0.0, "percent_statements_covered_display": "0.00", "num_branches": 0, "num_partial_branches": 0, "covered_branches": 0, "missing_branches": 0, "percent_branches_covered": 100.0, "percent_branches_covered_display": "100.00"}, "missing_lines": [182, 183, 184, 185], "excluded_lines": [], "start_line": 171, "executed_branches": [], "missing_branches": []}, "ProjectModel.search_by_categories": {"executed_lines": [], "summary": {"covered_lines": 0, "num_statements": 15, "percent_covered": 0.0, "percent_covered_display": "0.00", "missing_lines": 15, "excluded_lines": 0, "percent_statements_covered": 0.0, "percent_statements_covered_display": "0.00", "num_branches": 8, "num_partial_branches": 0, "covered_branches": 0, "missing_branches": 8, "percent_branches_covered": 0.0, "percent_branches_covered_display": "0.00"}, "missing_lines": [199, 201, 202, 204, 205, 206, 207, 208, 210, 211, 212, 214, 215, 217, 218], "excluded_lines": [], "start_line": 188, "executed_branches": [], "missing_branches": [[201, 202], [201, 204], [205, 206], [205, 214], [207, 208], [207, 210], [214, 215], [214, 217]]}, "": {"executed_lines": [1, 3, 5, 8, 13, 16, 18, 19, 23, 24, 28, 29, 40, 41, 63, 64, 101, 102, 136, 137, 156, 157, 170, 171, 187, 188], "summary": {"covered_lines": 26, "num_statements": 26, "percent_covered": 100.0, "percent_covered_display": "100.00", "missing_lines": 0, "excluded_lines": 0, "percent_statements_covered": 100.0, "percent_statements_covered_display": "100.00", "num_branches": 0, "num_partial_branches": 0, "covered_branches": 0, "missing_branches": 0, "percent_branches_covered": 100.0, "percent_branches_covered_display": "100.00"}, "missing_lines": [], "excluded_lines": [], "start_line": 1, "executed_branches": [], "missing_branches": []}}, "classes": {"ProjectModel": {"executed_lines": [], "summary": {"covered_lines": 0, "num_statements": 113, "percent_covered": 0.0, "percent_covered_display": "0.00", "missing_lines": 113, "excluded_lines": 0, "percent_statements_covered": 0.0, "percent_statements_covered_display": "0.00", "num_branches": 40, "num_partial_branches": 0, "covered_branches": 0, "missing_branches": 40, "percent_branches_covered": 0.0, "percent_branches_covered_display": "0.00"}, "missing_lines": [20, 21, 25, 26, 30, 31, 33, 34, 35, 36, 37, 38, 42, 44, 45, 47, 48, 50, 51, 52, 53, 54, 56, 57, 59, 60, 61, 65, 66, 68, 70, 71, 72, 73, 74, 76, 77, 78, 79, 80, 81, 82, 83, 84, 86, 87, 88, 89, 91, 93, 94, 95, 97, 98, 99, 103, 104, 105, 106, 107, 109, 110, 111, 112, 113, 115, 116, 117, 118, 120, 121, 123, 124, 126, 127, 128, 129, 130, 131, 132, 134, 145, 146, 147, 148, 149, 150, 151, 152, 153, 154, 165, 167, 168, 182, 183, 184, 185, 199, 201, 202, 204, 205, 206, 207, 208, 210, 211, 212, 214, 215, 217, 218], "excluded_lines": [], "start_line": 13, "executed_branches": [], "missing_branches": [[35, 36], [35, 38], [47, 48], [47, 50], [50, 51], [50, 56], [70, 71], [70, 76], [77, 78], [77, 79], [79, 80], [79, 81], [86, 87], [86, 88], [88, 89], [88, 91], [106, 107], [106, 109], [110, 111], [110, 115], [115, 116], [115, 117], [117, 118], [117, 120], [120, 121], [120, 123], [127, 128], [127, 134], [145, 146], [145, 147], [148, 149], [148, 154], [201, 202], [201, 204], [205, 206], [205, 214], [207, 208], [207, 210], [214, 215], [214, 217]]}, "": {"executed_lines": [1, 3, 5, 8, 13, 16, 18, 19, 23, 24, 28, 29, 40, 41, 63, 64, 101, 102, 136, 137, 156, 157, 170, 171, 187, 188], "summary": {"covered_lines": 26, "num_statements": 27, "percent_covered": 96.29629629629629, "percent_covered_display": "96.30", "missing_lines": 1, "excluded_lines": 0, "percent_statements_covered": 96.29629629629629, "percent_statements_covered_display": "96.30", "num_branches": 0, "num_partial_branches": 0, "covered_branches": 0, "missing_branches": 0, "percent_branches_covered": 100.0, "percent_branches_covered_display": "100.00"}, "missing_lines": [10], "excluded_lines": [], "start_line": 1, "executed_branches": [], "missing_branches": []}}}, "model/task_model.py": {"executed_lines": [1, 2, 3, 4, 7, 12, 15, 17, 18, 45, 46, 64, 65, 76, 77, 107, 108, 116, 117, 124, 125, 153, 154, 175, 176, 199, 200, 222, 223, 248, 249, 279, 280, 308, 309], "summary": {"covered_lines": 35, "num_statements": 185, "percent_covered": 15.695067264573991, "percent_covered_display": "15.70", "missing_lines": 150, "excluded_lines": 0, "percent_statements_covered": 18.91891891891892, "percent_statements_covered_display": "18.92", "num_branches": 38, "num_partial_branches": 0, "covered_branches": 0, "missing_branches": 38, "percent_branches_covered": 0.0, "percent_branches_covered_display": "0.00"}, "missing_lines": [9, 22, 24, 25, 28, 29, 32, 33, 36, 37, 40, 42, 43, 52, 53, 55, 56, 58, 59, 60, 62, 70, 71, 73, 74, 83, 85, 88, 89, 92, 93, 94, 95, 96, 97, 99, 100, 101, 102, 103, 105, 113, 114, 121, 122, 129, 130, 131, 132, 133, 135, 136, 137, 138, 139, 140, 141, 142, 143, 144, 146, 147, 149, 150, 151, 159, 160, 162, 163, 165, 166, 167, 168, 169, 170, 171, 173, 181, 182, 187, 188, 190, 191, 192, 193, 194, 195, 197, 205, 206, 208, 209, 211, 213, 215, 217, 218, 220, 228, 230, 231, 232, 234, 235, 237, 238, 239, 240, 242, 243, 245, 246, 255, 256, 257, 259, 260, 266, 267, 268, 269, 274, 275, 277, 286, 287, 288, 290, 291, 296, 297, 298, 299, 303, 304, 306, 315, 317, 322, 324, 325, 330, 331, 332, 333, 337, 338, 339, 341, 343], "excluded_lines": [], "executed_branches": [], "missing_branches": [[28, 29], [28, 32], [32, 33], [32, 36], [58, 59], [58, 62], [88, 89], [88, 92], [92, 93], [92, 105], [94, 95], [94, 102], [96, 97], [96, 99], [102, 103], [102, 105], [131, 132], [131, 135], [136, 137], [136, 142], [142, 143], [142, 146], [146, 147], [146, 149], [165, 166], [165, 173], [190, 191], [190, 197], [217, 218], [217, 220], [231, 232], [231, 234], [266, 267], [266, 277], [296, 297], [296, 306], [330, 331], [330, 341]], "functions": {"_uid_filter": {"executed_lines": [], "summary": {"covered_lines": 0, "num_statements": 1, "percent_covered": 0.0, "percent_covered_display": "0.00", "missing_lines": 1, "excluded_lines": 0, "percent_statements_covered": 0.0, "percent_statements_covered_display": "0.00", "num_branches": 0, "num_partial_branches": 0, "covered_branches": 0, "missing_branches": 0, "percent_branches_covered": 100.0, "percent_branches_covered_display": "100.00"}, "missing_lines": [9], "excluded_lines": [], "start_line": 7, "executed_branches": [], "missing_branches": []}, "TaskModel.insert_task": {"executed_lines": [], "summary": {"covered_lines": 0, "num_statements": 12, "percent_covered": 0.0, "percent_covered_display": "0.00", "missing_lines": 12, "excluded_lines": 0, "percent_statements_covered": 0.0, "percent_statements_covered_display": "0.00", "num_branches": 4, "num_partial_branches": 0, "covered_branches": 0, "missing_branches": 4, "percent_branches_covered": 0.0, "percent_branches_covered_display": "0.00"}, "missing_lines": [22, 24, 25, 28, 29, 32, 33, 36, 37, 40, 42, 43], "excluded_lines": [], "start_line": 18, "executed_branches": [], "missing_branches": [[28, 29], [28, 32], [32, 33], [32, 36]]}, "TaskModel.get_task_by_id": {"executed_lines": [], "summary": {"covered_lines": 0, "num_statements": 8, "percent_covered": 0.0, "percent_covered_display": "0.00", "missing_lines": 8, "excluded_lines": 0, "percent_statements_covered": 0.0, "percent_statements_covered_display": "0.00", "num_branches": 2, "num_partial_branches": 0, "covered_branches": 0, "missing_branches": 2, "percent_branches_covered": 0.0, "percent_branches_covered_display": "0.00"}, "missing_lines": [52, 53, 55, 56, 58, 59, 60, 62], "excluded_lines": [], "start_line": 46, "executed_branches": [], "missing_branches": [[58, 59], [58, 62]]}, "TaskModel.get_tasks_by_category": {"executed_lines": [], "summary": {"covered_lines": 0, "num_statements": 4, "percent_covered": 0.0, "percent_covered_display": "0.00", "missing_lines": 4, "excluded_lines": 0, "percent_statements_covered": 0.0, "percent_statements_covered_display": "0.00", "num_branches": 0, "num_partial_branches": 0, "covered_branches": 0, "missing_branches": 0, "percent_branches_covered": 100.0, "percent_branches_covered_display": "100.00"}, "missing_lines": [70, 71, 73, 74], "excluded_lines": [], "start_line": 65, "executed_branches": [], "missing_branches": []}, "TaskModel.search_tasks": {"executed_lines": [], "summary": {"covered_lines": 0, "num_statements": 16, "percent_covered": 0.0, "percent_covered_display": "0.00", "missing_lines": 16, "excluded_lines": 0, "percent_statements_covered": 0.0, "percent_statements_covered_display": "0.00", "num_branches": 10, "num_partial_branches": 0, "covered_branches": 0, "missing_branches": 10, "percent_branches_covered": 0.0, "percent_branches_covered_display": "0.00"}, "missing_lines": [83, 85, 88, 89, 92, 93, 94, 95, 96, 97, 99, 100, 101, 102, 103, 105], "excluded_lines": [], "start_line": 77, "executed_branches": [], "missing_branches": [[88, 89], [88, 92], [92, 93], [92, 105], [94, 95], [94, 102], [96, 97], [96, 99], [102, 103], [102, 105]]}, "TaskModel.get_all_tasks": {"executed_lines": [], "summary": {"covered_lines": 0, "num_statements": 2, "percent_covered": 0.0, "percent_covered_display": "0.00", "missing_lines": 2, "excluded_lines": 0, "percent_statements_covered": 0.0, "percent_statements_covered_display": "0.00", "num_branches": 0, "num_partial_branches": 0, "covered_branches": 0, "missing_branches": 0, "percent_branches_covered": 100.0, "percent_branches_covered_display": "100.00"}, "missing_lines": [113, 114], "excluded_lines": [], "start_line": 108, "executed_branches": [], "missing_branches": []}, "TaskModel.get_task_by_user": {"executed_lines": [], "summary": {"covered_lines": 0, "num_statements": 2, "percent_covered": 0.0, "percent_covered_display": "0.00", "missing_lines": 2, "excluded_lines": 0, "percent_statements_covered": 0.0, "percent_statements_covered_display": "0.00", "num_branches": 0, "num_partial_branches": 0, "covered_branches": 0, "missing_branches": 0, "percent_branches_covered": 100.0, "percent_branches_covered_display": "100.00"}, "missing_lines": [121, 122], "excluded_lines": [], "start_line": 117, "executed_branches": [], "missing_branches": []}, "TaskModel.get_tasks_by_goal": {"executed_lines": [], "summary": {"covered_lines": 0, "num_statements": 20, "percent_covered": 0.0, "percent_covered_display": "0.00", "missing_lines": 20, "excluded_lines": 0, "percent_statements_covered": 0.0, "percent_statements_covered_display": "0.00", "num_branches": 8, "num_partial_branches": 0, "covered_branches": 0, "missing_branches": 8, "percent_branches_covered": 0.0, "percent_branches_covered_display": "0.00"}, "missing_lines": [129, 130, 131, 132, 133, 135, 136, 137, 138, 139, 140, 141, 142, 143, 144, 146, 147, 149, 150, 151], "excluded_lines": [], "start_line": 125, "executed_branches": [], "missing_branches": [[131, 132], [131, 135], [136, 137], [136, 142], [142, 143], [142, 146], [146, 147], [146, 149]]}, "TaskModel.delete_task": {"executed_lines": [], "summary": {"covered_lines": 0, "num_statements": 12, "percent_covered": 0.0, "percent_covered_display": "0.00", "missing_lines": 12, "excluded_lines": 0, "percent_statements_covered": 0.0, "percent_statements_covered_display": "0.00", "num_branches": 2, "num_partial_branches": 0, "covered_branches": 0, "missing_branches": 2, "percent_branches_covered": 0.0, "percent_branches_covered_display": "0.00"}, "missing_lines": [159, 160, 162, 163, 165, 166, 167, 168, 169, 170, 171, 173], "excluded_lines": [], "start_line": 154, "executed_branches": [], "missing_branches": [[165, 166], [165, 173]]}, "TaskModel.delete_tasks_by_ids": {"executed_lines": [], "summary": {"covered_lines": 0, "num_statements": 11, "percent_covered": 0.0, "percent_covered_display": "0.00", "missing_lines": 11, "excluded_lines": 0, "percent_statements_covered": 0.0, "percent_statements_covered_display": "0.00", "num_branches": 2, "num_partial_branches": 0, "covered_branches": 0, "missing_branches": 2, "percent_branches_covered": 0.0, "percent_branches_covered_display": "0.00"}, "missing_lines": [181, 182, 187, 188, 190, 191, 192, 193, 194, 195, 197], "excluded_lines": [], "start_line": 176, "executed_branches": [], "missing_branches": [[190, 191], [190, 197]]}, "TaskModel.update_task": {"executed_lines": [], "summary": {"covered_lines": 0, "num_statements": 10, "percent_covered": 0.0, "percent_covered_display": "0.00", "missing_lines": 10, "excluded_lines": 0, "percent_statements_covered": 0.0, "percent_statements_covered_display": "0.00", "num_branches": 2, "num_partial_branches": 0, "covered_branches": 0, "missing_branches": 2, "percent_branches_covered": 0.0, "percent_branches_covered_display": "0.00"}, "missing_lines": [205, 206, 208, 209, 211, 213, 215, 217, 218, 220], "excluded_lines": [], "start_line": 200, "executed_branches": [], "missing_branches": [[217, 218], [217, 220]]}, "TaskModel.recalculate_goal_progress": {"executed_lines": [], "summary": {"covered_lines": 0, "num_statements": 14, "percent_covered": 0.0, "percent_covered_display": "0.00", "missing_lines": 14, "excluded_lines": 0, "percent_statements_covered": 0.0, "percent_statements_covered_display": "0.00", "num_branches": 2, "num_partial_branches": 0, "covered_branches": 0, "missing_branches": 2, "percent_branches_covered": 0.0, "percent_branches_covered_display": "0.00"}, "missing_lines": [228, 230, 231, 232, 234, 235, 237, 238, 239, 240, 242, 243, 245, 246], "excluded_lines": [], "start_line": 223, "executed_branches": [], "missing_branches": [[231, 232], [231, 234]]}, "TaskModel.add_event_to_task": {"executed_lines": [], "summary": {"covered_lines": 0, "num_statements": 12, "percent_covered": 0.0, "percent_covered_display": "0.00", "missing_lines": 12, "excluded_lines": 0, "percent_statements_covered": 0.0, "percent_statements_covered_display": "0.00", "num_branches": 2, "num_partial_branches": 0, "covered_branches": 0, "missing_branches": 2, "percent_branches_covered": 0.0, "percent_branches_covered_display": "0.00"}, "missing_lines": [255, 256, 257, 259, 260, 266, 267, 268, 269, 274, 275, 277], "excluded_lines": [], "start_line": 249, "executed_branches": [], "missing_branches": [[266, 267], [266, 277]]}, "TaskModel.remove_event_from_task": {"executed_lines": [], "summary": {"covered_lines": 0, "num_statements": 12, "percent_covered": 0.0, "percent_covered_display": "0.00", "missing_lines": 12, "excluded_lines": 0, "percent_statements_covered": 0.0, "percent_statements_covered_display": "0.00", "num_branches": 2, "num_partial_branches": 0, "covered_branches": 0, "missing_branches": 2, "percent_branches_covered": 0.0, "percent_branches_covered_display": "0.00"}, "missing_lines": [286, 287, 288, 290, 291, 296, 297, 298, 299, 303, 304, 306], "excluded_lines": [], "start_line": 280, "executed_branches": [], "missing_branches": [[296, 297], [296, 306]]}, "TaskModel.assign_goal_to_tasks": {"executed_lines": [], "summary": {"covered_lines": 0, "num_statements": 14, "percent_covered": 0.0, "percent_covered_display": "0.00", "missing_lines": 14, "excluded_lines": 0, "percent_statements_covered": 0.0, "percent_statements_covered_display": "0.00", "num_branches": 2, "num_partial_branches": 0, "covered_branches": 0, "missing_branches": 2, "percent_branches_covered": 0.0, "percent_branches_covered_display": "0.00"}, "missing_lines": [315, 317, 322, 324, 325, 330, 331, 332, 333, 337, 338, 339, 341, 343], "excluded_lines": [], "start_line": 309, "executed_branches": [], "missing_branches": [[330, 331], [330, 341]]}, "": {"executed_lines": [1, 2, 3, 4, 7, 12, 15, 17, 18, 45, 46, 64, 65, 76, 77, 107, 108, 116, 117, 124, 125, 153, 154, 175, 176, 199, 200, 222, 223, 248, 249, 279, 280, 308, 309], "summary": {"covered_lines": 35, "num_statements": 35, "percent_covered": 100.0, "percent_covered_display": "100.00", "missing_lines": 0, "excluded_lines": 0, "percent_statements_covered": 100.0, "percent_statements_covered_display": "100.00", "num_branches": 0, "num_partial_branches": 0, "covered_branches": 0, "missing_branches": 0, "percent_branches_covered": 100.0, "percent_branches_covered_display": "100.00"}, "missing_lines": [], "excluded_lines": [], "start_line": 1, "executed_branches": [], "missing_branches": []}}, "classes": {"TaskModel": {"executed_lines": [], "summary": {"covered_lines": 0, "num_statements": 149, "percent_covered": 0.0, "percent_covered_display": "0.00", "missing_lines": 149, "excluded_lines": 0, "percent_statements_covered": 0.0, "percent_statements_covered_display": "0.00", "num_branches": 38, "num_partial_branches": 0, "covered_branches": 0, "missing_branches": 38, "percent_branches_covered": 0.0, "percent_branches_covered_display": "0.00"}, "missing_lines": [22, 24, 25, 28, 29, 32, 33, 36, 37, 40, 42, 43, 52, 53, 55, 56, 58, 59, 60, 62, 70, 71, 73, 74, 83, 85, 88, 89, 92, 93, 94, 95, 96, 97, 99, 100, 101, 102, 103, 105, 113, 114, 121, 122, 129, 130, 131, 132, 133, 135, 136, 137, 138, 139, 140, 141, 142, 143, 144, 146, 147, 149, 150, 151, 159, 160, 162, 163, 165, 166, 167, 168, 169, 170, 171, 173, 181, 182, 187, 188, 190, 191, 192, 193, 194, 195, 197, 205, 206, 208, 209, 211, 213, 215, 217, 218, 220, 228, 230, 231, 232, 234, 235, 237, 238, 239, 240, 242, 243, 245, 246, 255, 256, 257, 259, 260, 266, 267, 268, 269, 274, 275, 277, 286, 287, 288, 290, 291, 296, 297, 298, 299, 303, 304, 306, 315, 317, 322, 324, 325, 330, 331, 332, 333, 337, 338, 339, 341, 343], "excluded_lines": [], "start_line": 12, "executed_branches": [], "missing_branches": [[28, 29], [28, 32], [32, 33], [32, 36], [58, 59], [58, 62], [88, 89], [88, 92], [92, 93], [92, 105], [94, 95], [94, 102], [96, 97], [96, 99], [102, 103], [102, 105], [131, 132], [131, 135], [136, 137], [136, 142], [142, 143], [142, 146], [146, 147], [146, 149], [165, 166], [165, 173], [190, 191], [190, 197], [217, 218], [217, 220], [231, 232], [231, 234], [266, 267], [266, 277], [296, 297], [296, 306], [330, 331], [330, 341]]}, "": {"executed_lines": [1, 2, 3, 4, 7, 12, 15, 17, 18, 45, 46, 64, 65, 76, 77, 107, 108, 116, 117, 124, 125, 153, 154, 175, 176, 199, 200, 222, 223, 248, 249, 279, 280, 308, 309], "summary": {"covered_lines": 35, "num_statements": 36, "percent_covered": 97.22222222222223, "percent_covered_display": "97.22", "missing_lines": 1, "excluded_lines": 0, "percent_statements_covered": 97.22222222222223, "percent_statements_covered_display": "97.22", "num_branches": 0, "num_partial_branches": 0, "covered_branches": 0, "missing_branches": 0, "percent_branches_covered": 100.0, "percent_branches_covered_display": "100.00"}, "missing_lines": [9], "excluded_lines": [], "start_line": 1, "executed_branches": [], "missing_branches": []}}}}, "totals": {"covered_lines": 1592, "num_statements": 5624, "percent_covered": 25.27620587442738, "percent_covered_display": "25.28", "missing_lines": 4032, "excluded_lines": 121, "percent_statements_covered": 28.3072546230441, "percent_statements_covered_display": "28.31", "num_branches": 1798, "num_partial_branches": 24, "covered_branches": 284, "missing_branches": 1514, "percent_branches_covered": 15.795328142380423, "percent_branches_covered_display": "15.80"}}